<?xml version="1.0" encoding="UTF-8"?>
<!-- Generated by org.testng.reporters.JUnitXMLReporter -->
<testsuite ignored="0" hostname="LTIN675316" failures="1" tests="21" name="Surefire test" time="242.233" errors="0" timestamp="2026-02-07T22:19:58 IST">
  <testcase classname="testCases.FlightsTest" name="flightCaseTest" time="22.074"/>
  <testcase classname="testCases.FlightsTest" name="selectEmptyCoupon" time="1.513"/>
  <testcase classname="testCases.FlightsTest" name="selectFlightDetailsCase" time="16.452"/>
  <testcase classname="testCases.FlightsTest" name="payCases" time="8.292"/>
  <testcase classname="testCases.GiftCardTest" name="testGiftCardPurchaseFlow" time="11.113"/>
  <testcase classname="testCases.GiftCardTest" name="testInvalidAmount" time="7.043"/>
  <testcase classname="testCases.GiftCardTest" name="testLaterButton" time="6.929"/>
  <testcase classname="testCases.GiftCardTest" name="testUnselectedLaterButton" time="7.33"/>
  <testcase classname="testCases.HomePageTest" name="validateDefaultTravellerCount" time="0.223"/>
  <testcase classname="testCases.HomePageTest" name="testSameFromAndTo" time="12.285"/>
  <testcase classname="testCases.HomePageTest" name="testSwitchCity" time="3.868"/>
  <testcase classname="testCases.HomePageTest" name="testValidDetails" time="9.835"/>
  <testcase classname="testCases.HomePageTest" name="testRoundTripFunctionality" time="11.197"/>
  <testcase classname="testCases.HotelsPageTest" name="verifyMaxAdultCountFlow" time="13.677"/>
  <testcase classname="testCases.HotelsPageTest" name="verifyHotelsNavigation" time="2.404"/>
  <testcase classname="testCases.HotelsPageTest" name="verifyAdultCountNotZero" time="15.782">
    <failure type="org.openqa.selenium.ElementNotInteractableException" message="element not interactable
  (Session info: chrome=142.0.7444.176)
Build info: version: &amp;apos;4.39.0&amp;apos;, revision: &amp;apos;126f156aee&amp;apos;
System info: os.name: &amp;apos;Windows 11&amp;apos;, os.arch: &amp;apos;amd64&amp;apos;, os.version: &amp;apos;10.0&amp;apos;, java.version: &amp;apos;21&amp;apos;
Driver info: org.openqa.selenium.chrome.ChromeDriver
Command: [76028de301b44cf79cf645ce57e15902, clickElement {id=f.70BBDEF006C40837DDEBD74660D16CB3.d.8C83EE4F52C99E56BBEC07B4B4D82C08.e.747}]
Capabilities {acceptInsecureCerts: false, browserName: chrome, browserVersion: 142.0.7444.176, chrome: {chromedriverVersion: 142.0.7444.175 (302067f14a4..., userDataDir: C:\windows\SystemTemp\scope...}, fedcm:accounts: true, goog:chromeOptions: {debuggerAddress: localhost:53361}, goog:processID: 5056, networkConnectionEnabled: false, pageLoadStrategy: normal, platformName: windows, proxy: Proxy(), se:cdp: ws://localhost:53361/devtoo..., se:cdpVersion: 142.0.7444.176, setWindowRect: true, strictFileInteractability: false, timeouts: {implicit: 0, pageLoad: 300000, script: 30000}, unhandledPromptBehavior: dismiss and notify, webauthn:extension:credBlob: true, webauthn:extension:largeBlob: true, webauthn:extension:minPinLength: true, webauthn:extension:prf: true, webauthn:virtualAuthenticators: true}
Element: [[ChromeDriver: chrome on windows (76028de301b44cf79cf645ce57e15902)] -&amp;gt; id: Adults_room_1_1_plus]
Session ID: 76028de301b44cf79cf645ce57e15902">
      <![CDATA[org.openqa.selenium.ElementNotInteractableException: element not interactable
  (Session info: chrome=142.0.7444.176)
Build info: version: '4.39.0', revision: '126f156aee'
System info: os.name: 'Windows 11', os.arch: 'amd64', os.version: '10.0', java.version: '21'
Driver info: org.openqa.selenium.chrome.ChromeDriver
Command: [76028de301b44cf79cf645ce57e15902, clickElement {id=f.70BBDEF006C40837DDEBD74660D16CB3.d.8C83EE4F52C99E56BBEC07B4B4D82C08.e.747}]
Capabilities {acceptInsecureCerts: false, browserName: chrome, browserVersion: 142.0.7444.176, chrome: {chromedriverVersion: 142.0.7444.175 (302067f14a4..., userDataDir: C:\windows\SystemTemp\scope...}, fedcm:accounts: true, goog:chromeOptions: {debuggerAddress: localhost:53361}, goog:processID: 5056, networkConnectionEnabled: false, pageLoadStrategy: normal, platformName: windows, proxy: Proxy(), se:cdp: ws://localhost:53361/devtoo..., se:cdpVersion: 142.0.7444.176, setWindowRect: true, strictFileInteractability: false, timeouts: {implicit: 0, pageLoad: 300000, script: 30000}, unhandledPromptBehavior: dismiss and notify, webauthn:extension:credBlob: true, webauthn:extension:largeBlob: true, webauthn:extension:minPinLength: true, webauthn:extension:prf: true, webauthn:virtualAuthenticators: true}
Element: [[ChromeDriver: chrome on windows (76028de301b44cf79cf645ce57e15902)] -> id: Adults_room_1_1_plus]
Session ID: 76028de301b44cf79cf645ce57e15902
at org.openqa.selenium.remote.ErrorCodec.decode(ErrorCodec.java:167)
at org.openqa.selenium.remote.codec.w3c.W3CHttpResponseCodec.decode(W3CHttpResponseCodec.java:142)
at org.openqa.selenium.remote.codec.w3c.W3CHttpResponseCodec.decode(W3CHttpResponseCodec.java:49)
at org.openqa.selenium.remote.HttpCommandExecutor.execute(HttpCommandExecutor.java:215)
at org.openqa.selenium.remote.service.DriverCommandExecutor.invokeExecute(DriverCommandExecutor.java:216)
at org.openqa.selenium.remote.service.DriverCommandExecutor.execute(DriverCommandExecutor.java:174)
at org.openqa.selenium.remote.RemoteWebDriver.execute(RemoteWebDriver.java:561)
at org.openqa.selenium.remote.RemoteWebElement.execute(RemoteWebElement.java:223)
at org.openqa.selenium.remote.RemoteWebElement.click(RemoteWebElement.java:76)
at org.openqa.selenium.support.pagefactory.internal.LocatingElementHandler.invoke(LocatingElementHandler.java:51)
at jdk.proxy2/jdk.proxy2.$Proxy9.click(Unknown Source)
at pageObjects.HotelsPage.IncreamentAdult(HotelsPage.java:77)
at testCases.HotelsPageTest.verifyAdultCountNotZero(HotelsPageTest.java:32)
at java.base/java.util.ArrayList.forEach(ArrayList.java:1596)
... Removed 35 stack frames]]>
    </failure>
  </testcase> <!-- verifyAdultCountNotZero -->
  <testcase classname="testCases.HotelsPageTest" name="verifyCheckInAndCheckOutAreNotSame" time="4.913"/>
  <testcase classname="testCases.LoginTest" name="invalidMailCase" time="1.756"/>
  <testcase classname="testCases.LoginTest" name="invalidPasswordCase" time="4.223"/>
  <testcase classname="testCases.LoginTest" name="validLoginTestCase" time="2.119"/>
  <testcase classname="testCases.MyBookingTest" name="verifyInvalidBookingDetails" time="9.884"/>
</testsuite> <!-- Surefire test -->
