<?xml version="1.0" encoding="UTF-8"?>
<!-- Generated by org.testng.reporters.JUnitXMLReporter -->
<testsuite ignored="0" hostname="LTIN675316" failures="0" tests="21" name="EaseMyTrip_Hackathon" time="254.118" errors="0" timestamp="2026-02-04T10:38:13 IST">
  <testcase classname="testCases.HomePageTest" name="validateDefaultTravellerCount" time="1.362"/>
  <testcase classname="testCases.HomePageTest" name="testSameFromAndTo" time="10.622"/>
  <testcase classname="testCases.HomePageTest" name="testSwitchCity" time="3.088"/>
  <testcase classname="testCases.HomePageTest" name="testValidDetails" time="5.1"/>
  <testcase classname="testCases.HomePageTest" name="testRoundTripFunctionality" time="8.068"/>
  <testcase classname="testCases.FlightCases" name="flightCaseTest" time="23.204"/>
  <testcase classname="testCases.FlightCases" name="selectEmptyCoupon" time="2.026"/>
  <testcase classname="testCases.FlightCases" name="selectFlightDetailsCase" time="17.173"/>
  <testcase classname="testCases.FlightCases" name="payCases" time="8.2"/>
  <testcase classname="testCases.GiftCardTest" name="testGiftCardPurchaseFlow" time="14.707"/>
  <testcase classname="testCases.GiftCardTest" name="testInvalidAmount" time="5.265"/>
  <testcase classname="testCases.GiftCardTest" name="testLaterButton" time="7.135"/>
  <testcase classname="testCases.GiftCardTest" name="testUnselectedLaterButton" time="5.786"/>
  <testcase classname="testCases.HotelsPageTest" name="verifyMaxAdultCountFlow" time="6.32"/>
  <testcase classname="testCases.HotelsPageTest" name="verifyHotelsNavigation" time="3.955"/>
  <testcase classname="testCases.HotelsPageTest" name="verifyAdultCountNotZero" time="8.18"/>
  <testcase classname="testCases.HotelsPageTest" name="verifyCheckInAndCheckOutAreNotSame" time="3.946"/>
  <testcase classname="testCases.LoginCase" name="invalidMailCase" time="1.329"/>
  <testcase classname="testCases.LoginCase" name="invalidPasswordCase" time="8.045"/>
  <testcase classname="testCases.LoginCase" name="validLoginTestCase" time="4.26"/>
  <testcase classname="testCases.MyBookingTest" name="verifyInvalidBookingDetails" time="9.639"/>
</testsuite> <!-- EaseMyTrip_Hackathon -->
