<?xml version="1.0" encoding="UTF-8"?>
<!-- Generated by org.testng.reporters.JUnitXMLReporter -->
<testsuite ignored="0" hostname="LTIN675316" failures="0" tests="21" name="Run testNG" time="202.254" errors="0" timestamp="2026-02-09T12:36:07 IST">
  <testcase classname="testCases.LoginTest" name="invalidMailCase" time="1.709"/>
  <testcase classname="testCases.LoginTest" name="invalidPasswordCase" time="3.814"/>
  <testcase classname="testCases.LoginTest" name="validLoginTestCase" time="2.168"/>
  <testcase classname="testCases.HomePageTest" name="validateDefaultTravellerCount" time="0.081"/>
  <testcase classname="testCases.HomePageTest" name="testSameFromAndTo" time="13.399"/>
  <testcase classname="testCases.HomePageTest" name="testSwitchCity" time="2.405"/>
  <testcase classname="testCases.HomePageTest" name="testValidDetails" time="4.362"/>
  <testcase classname="testCases.HomePageTest" name="testRoundTripFunctionality" time="5.283"/>
  <testcase classname="testCases.FlightsTest" name="flightCaseTest" time="17.59"/>
  <testcase classname="testCases.FlightsTest" name="selectEmptyCoupon" time="1.606"/>
  <testcase classname="testCases.FlightsTest" name="selectFlightDetailsCase" time="15.165"/>
  <testcase classname="testCases.FlightsTest" name="payCases" time="6.017"/>
  <testcase classname="testCases.GiftCardTest" name="testGiftCardPurchaseFlow" time="7.238"/>
  <testcase classname="testCases.GiftCardTest" name="testInvalidAmount" time="3.785"/>
  <testcase classname="testCases.GiftCardTest" name="testLaterButton" time="4.139"/>
  <testcase classname="testCases.GiftCardTest" name="testUnselectedLaterButton" time="4.644"/>
  <testcase classname="testCases.HotelsPageTest" name="verifyMaxAdultCountFlow" time="4.616"/>
  <testcase classname="testCases.HotelsPageTest" name="verifyHotelsNavigation" time="2.545"/>
  <testcase classname="testCases.HotelsPageTest" name="verifyAdultCountNotZero" time="9.445"/>
  <testcase classname="testCases.HotelsPageTest" name="verifyCheckInAndCheckOutAreNotSame" time="2.829"/>
  <testcase classname="testCases.MyBookingTest" name="verifyInvalidBookingDetails" time="7.553"/>
</testsuite> <!-- Run testNG -->
