<?xml version="1.0" encoding="UTF-8"?>
<!-- Generated by org.testng.reporters.JUnitXMLReporter -->
<testsuite ignored="0" hostname="LTIN674633" failures="0" tests="21" name="Run testNG" time="261.976" errors="0" timestamp="2026-02-04T12:36:46 IST">
  <testcase classname="testCases.LoginTest" name="invalidMailCase" time="9.932"/>
  <testcase classname="testCases.LoginTest" name="invalidPasswordCase" time="5.159"/>
  <testcase classname="testCases.LoginTest" name="validLoginTestCase" time="1.999"/>
  <testcase classname="testCases.HomePageTest" name="validateDefaultTravellerCount" time="1.5"/>
  <testcase classname="testCases.HomePageTest" name="testSameFromAndTo" time="8.841"/>
  <testcase classname="testCases.HomePageTest" name="testSwitchCity" time="2.953"/>
  <testcase classname="testCases.HomePageTest" name="testValidDetails" time="7.949"/>
  <testcase classname="testCases.HomePageTest" name="testRoundTripFunctionality" time="10.878"/>
  <testcase classname="testCases.FlightsTest" name="flightCaseTest" time="22.143"/>
  <testcase classname="testCases.FlightsTest" name="selectEmptyCoupon" time="2.387"/>
  <testcase classname="testCases.FlightsTest" name="selectFlightDetailsCase" time="17.447"/>
  <testcase classname="testCases.FlightsTest" name="payCases" time="6.126"/>
  <testcase classname="testCases.GiftCardTest" name="testGiftCardPurchaseFlow" time="12.761"/>
  <testcase classname="testCases.GiftCardTest" name="testInvalidAmount" time="6.139"/>
  <testcase classname="testCases.GiftCardTest" name="testLaterButton" time="6.631"/>
  <testcase classname="testCases.GiftCardTest" name="testUnselectedLaterButton" time="6.122"/>
  <testcase classname="testCases.HotelsPageTest" name="verifyMaxAdultCountFlow" time="8.123"/>
  <testcase classname="testCases.HotelsPageTest" name="verifyHotelsNavigation" time="4.261"/>
  <testcase classname="testCases.HotelsPageTest" name="verifyAdultCountNotZero" time="8.73"/>
  <testcase classname="testCases.HotelsPageTest" name="verifyCheckInAndCheckOutAreNotSame" time="4.726"/>
  <testcase classname="testCases.MyBookingTest" name="verifyInvalidBookingDetails" time="9.457"/>
</testsuite> <!-- Run testNG -->
