<?xml version="1.0" encoding="UTF-8"?>
<!-- Generated by org.testng.reporters.JUnitXMLReporter -->
<testsuite ignored="0" hostname="LTIN675316" failures="0" tests="21" name="Run testNG" time="256.903" errors="0" timestamp="2026-02-04T15:31:45 IST">
  <testcase classname="testCases.LoginTest" name="invalidMailCase" time="2.708"/>
  <testcase classname="testCases.LoginTest" name="invalidPasswordCase" time="4.853"/>
  <testcase classname="testCases.LoginTest" name="validLoginTestCase" time="2.216"/>
  <testcase classname="testCases.HomePageTest" name="validateDefaultTravellerCount" time="0.153"/>
  <testcase classname="testCases.HomePageTest" name="testSameFromAndTo" time="9.452"/>
  <testcase classname="testCases.HomePageTest" name="testSwitchCity" time="3.338"/>
  <testcase classname="testCases.HomePageTest" name="testValidDetails" time="6.766"/>
  <testcase classname="testCases.HomePageTest" name="testRoundTripFunctionality" time="7.286"/>
  <testcase classname="testCases.FlightsTest" name="flightCaseTest" time="20.712"/>
  <testcase classname="testCases.FlightsTest" name="selectEmptyCoupon" time="1.834"/>
  <testcase classname="testCases.FlightsTest" name="selectFlightDetailsCase" time="16.75"/>
  <testcase classname="testCases.FlightsTest" name="payCases" time="7.115"/>
  <testcase classname="testCases.GiftCardTest" name="testGiftCardPurchaseFlow" time="13.379"/>
  <testcase classname="testCases.GiftCardTest" name="testInvalidAmount" time="5.798"/>
  <testcase classname="testCases.GiftCardTest" name="testLaterButton" time="7.007"/>
  <testcase classname="testCases.GiftCardTest" name="testUnselectedLaterButton" time="6.489"/>
  <testcase classname="testCases.HotelsPageTest" name="verifyMaxAdultCountFlow" time="14.857"/>
  <testcase classname="testCases.HotelsPageTest" name="verifyHotelsNavigation" time="1.699"/>
  <testcase classname="testCases.HotelsPageTest" name="verifyAdultCountNotZero" time="7.669"/>
  <testcase classname="testCases.HotelsPageTest" name="verifyCheckInAndCheckOutAreNotSame" time="4.371"/>
  <testcase classname="testCases.MyBookingTest" name="verifyInvalidBookingDetails" time="10.186"/>
</testsuite> <!-- Run testNG -->
