<?xml version="1.0" encoding="UTF-8"?>
<testng-results ignored="0" total="21" passed="20" failed="1" skipped="0">
  <reporter-output>
  </reporter-output>
  <suite started-at="2026-02-07T22:15:55 IST" name="Surefire suite" finished-at="2026-02-07T22:19:58 IST" duration-ms="242233">
    <groups>
      <group name="login">
        <method signature="LoginTest.invalidMailCase()[pri:1, instance:testCases.LoginTest@30ee2816]" name="invalidMailCase" class="testCases.LoginTest"/>
        <method signature="LoginTest.invalidPasswordCase()[pri:2, instance:testCases.LoginTest@30ee2816]" name="invalidPasswordCase" class="testCases.LoginTest"/>
        <method signature="LoginTest.validLoginTestCase()[pri:3, instance:testCases.LoginTest@30ee2816]" name="validLoginTestCase" class="testCases.LoginTest"/>
      </group> <!-- login -->
    </groups>
    <test started-at="2026-02-07T22:15:55 IST" name="Surefire test" finished-at="2026-02-07T22:19:58 IST" duration-ms="242233">
      <class name="testCases.GiftCardTest">
        <test-method is-config="true" signature="setUp()[pri:0, instance:testCases.GiftCardTest@1700915]" started-at="2026-02-07T22:17:04 IST" name="setUp" finished-at="2026-02-07T22:17:14 IST" duration-ms="9369" status="PASS">
          <reporter-output>
          </reporter-output>
        </test-method> <!-- setUp -->
        <test-method signature="testGiftCardPurchaseFlow()[pri:1, instance:testCases.GiftCardTest@1700915]" started-at="2026-02-07T22:17:14 IST" name="testGiftCardPurchaseFlow" finished-at="2026-02-07T22:17:25 IST" duration-ms="11113" status="PASS">
          <reporter-output>
          </reporter-output>
        </test-method> <!-- testGiftCardPurchaseFlow -->
        <test-method signature="testInvalidAmount()[pri:2, instance:testCases.GiftCardTest@1700915]" started-at="2026-02-07T22:17:25 IST" name="testInvalidAmount" finished-at="2026-02-07T22:17:32 IST" duration-ms="7043" status="PASS">
          <reporter-output>
          </reporter-output>
        </test-method> <!-- testInvalidAmount -->
        <test-method signature="testLaterButton()[pri:3, instance:testCases.GiftCardTest@1700915]" started-at="2026-02-07T22:17:32 IST" name="testLaterButton" finished-at="2026-02-07T22:17:39 IST" duration-ms="6929" status="PASS">
          <reporter-output>
          </reporter-output>
        </test-method> <!-- testLaterButton -->
        <test-method signature="testUnselectedLaterButton()[pri:4, instance:testCases.GiftCardTest@1700915]" started-at="2026-02-07T22:17:39 IST" name="testUnselectedLaterButton" finished-at="2026-02-07T22:17:46 IST" duration-ms="7330" status="PASS">
          <reporter-output>
          </reporter-output>
        </test-method> <!-- testUnselectedLaterButton -->
        <test-method is-config="true" signature="tearDown()[pri:0, instance:testCases.GiftCardTest@1700915]" started-at="2026-02-07T22:17:46 IST" name="tearDown" finished-at="2026-02-07T22:17:47 IST" duration-ms="1219" status="PASS">
          <reporter-output>
          </reporter-output>
        </test-method> <!-- tearDown -->
      </class> <!-- testCases.GiftCardTest -->
      <class name="testCases.LoginTest">
        <test-method is-config="true" signature="setUp()[pri:0, instance:testCases.LoginTest@30ee2816]" started-at="2026-02-07T22:19:23 IST" name="setUp" finished-at="2026-02-07T22:19:30 IST" duration-ms="7179" status="PASS">
          <reporter-output>
          </reporter-output>
        </test-method> <!-- setUp -->
        <test-method signature="invalidMailCase()[pri:1, instance:testCases.LoginTest@30ee2816]" started-at="2026-02-07T22:19:30 IST" name="invalidMailCase" finished-at="2026-02-07T22:19:32 IST" duration-ms="1756" status="PASS">
          <reporter-output>
          </reporter-output>
        </test-method> <!-- invalidMailCase -->
        <test-method signature="invalidPasswordCase()[pri:2, instance:testCases.LoginTest@30ee2816]" started-at="2026-02-07T22:19:32 IST" name="invalidPasswordCase" finished-at="2026-02-07T22:19:36 IST" duration-ms="4223" status="PASS">
          <reporter-output>
          </reporter-output>
        </test-method> <!-- invalidPasswordCase -->
        <test-method signature="validLoginTestCase()[pri:3, instance:testCases.LoginTest@30ee2816]" started-at="2026-02-07T22:19:36 IST" name="validLoginTestCase" finished-at="2026-02-07T22:19:39 IST" duration-ms="2119" status="PASS">
          <reporter-output>
          </reporter-output>
        </test-method> <!-- validLoginTestCase -->
        <test-method is-config="true" signature="tearDown()[pri:0, instance:testCases.LoginTest@30ee2816]" started-at="2026-02-07T22:19:39 IST" name="tearDown" finished-at="2026-02-07T22:19:39 IST" duration-ms="379" status="PASS">
          <reporter-output>
          </reporter-output>
        </test-method> <!-- tearDown -->
      </class> <!-- testCases.LoginTest -->
      <class name="testCases.HotelsPageTest">
        <test-method is-config="true" signature="setUp()[pri:0, instance:testCases.HotelsPageTest@c267ef4]" started-at="2026-02-07T22:18:36 IST" name="setUp" finished-at="2026-02-07T22:18:45 IST" duration-ms="9662" status="PASS">
          <reporter-output>
          </reporter-output>
        </test-method> <!-- setUp -->
        <test-method signature="verifyMaxAdultCountFlow()[pri:1, instance:testCases.HotelsPageTest@c267ef4]" started-at="2026-02-07T22:18:45 IST" name="verifyMaxAdultCountFlow" finished-at="2026-02-07T22:18:59 IST" duration-ms="13677" status="PASS">
          <reporter-output>
          </reporter-output>
        </test-method> <!-- verifyMaxAdultCountFlow -->
        <test-method signature="verifyHotelsNavigation()[pri:2, instance:testCases.HotelsPageTest@c267ef4]" started-at="2026-02-07T22:18:59 IST" name="verifyHotelsNavigation" finished-at="2026-02-07T22:19:02 IST" duration-ms="2404" status="PASS">
          <reporter-output>
          </reporter-output>
        </test-method> <!-- verifyHotelsNavigation -->
        <test-method signature="verifyAdultCountNotZero()[pri:3, instance:testCases.HotelsPageTest@c267ef4]" started-at="2026-02-07T22:19:02 IST" name="verifyAdultCountNotZero" finished-at="2026-02-07T22:19:17 IST" duration-ms="15782" status="FAIL">
          <exception class="org.openqa.selenium.ElementNotInteractableException">
            <message>
              <![CDATA[element not interactable
  (Session info: chrome=142.0.7444.176)
Build info: version: '4.39.0', revision: '126f156aee'
System info: os.name: 'Windows 11', os.arch: 'amd64', os.version: '10.0', java.version: '21'
Driver info: org.openqa.selenium.chrome.ChromeDriver
Command: [76028de301b44cf79cf645ce57e15902, clickElement {id=f.70BBDEF006C40837DDEBD74660D16CB3.d.8C83EE4F52C99E56BBEC07B4B4D82C08.e.747}]
Capabilities {acceptInsecureCerts: false, browserName: chrome, browserVersion: 142.0.7444.176, chrome: {chromedriverVersion: 142.0.7444.175 (302067f14a4..., userDataDir: C:\windows\SystemTemp\scope...}, fedcm:accounts: true, goog:chromeOptions: {debuggerAddress: localhost:53361}, goog:processID: 5056, networkConnectionEnabled: false, pageLoadStrategy: normal, platformName: windows, proxy: Proxy(), se:cdp: ws://localhost:53361/devtoo..., se:cdpVersion: 142.0.7444.176, setWindowRect: true, strictFileInteractability: false, timeouts: {implicit: 0, pageLoad: 300000, script: 30000}, unhandledPromptBehavior: dismiss and notify, webauthn:extension:credBlob: true, webauthn:extension:largeBlob: true, webauthn:extension:minPinLength: true, webauthn:extension:prf: true, webauthn:virtualAuthenticators: true}
Element: [[ChromeDriver: chrome on windows (76028de301b44cf79cf645ce57e15902)] -> id: Adults_room_1_1_plus]
Session ID: 76028de301b44cf79cf645ce57e15902]]>
            </message>
            <full-stacktrace>
              <![CDATA[org.openqa.selenium.ElementNotInteractableException: element not interactable
  (Session info: chrome=142.0.7444.176)
Build info: version: '4.39.0', revision: '126f156aee'
System info: os.name: 'Windows 11', os.arch: 'amd64', os.version: '10.0', java.version: '21'
Driver info: org.openqa.selenium.chrome.ChromeDriver
Command: [76028de301b44cf79cf645ce57e15902, clickElement {id=f.70BBDEF006C40837DDEBD74660D16CB3.d.8C83EE4F52C99E56BBEC07B4B4D82C08.e.747}]
Capabilities {acceptInsecureCerts: false, browserName: chrome, browserVersion: 142.0.7444.176, chrome: {chromedriverVersion: 142.0.7444.175 (302067f14a4..., userDataDir: C:\windows\SystemTemp\scope...}, fedcm:accounts: true, goog:chromeOptions: {debuggerAddress: localhost:53361}, goog:processID: 5056, networkConnectionEnabled: false, pageLoadStrategy: normal, platformName: windows, proxy: Proxy(), se:cdp: ws://localhost:53361/devtoo..., se:cdpVersion: 142.0.7444.176, setWindowRect: true, strictFileInteractability: false, timeouts: {implicit: 0, pageLoad: 300000, script: 30000}, unhandledPromptBehavior: dismiss and notify, webauthn:extension:credBlob: true, webauthn:extension:largeBlob: true, webauthn:extension:minPinLength: true, webauthn:extension:prf: true, webauthn:virtualAuthenticators: true}
Element: [[ChromeDriver: chrome on windows (76028de301b44cf79cf645ce57e15902)] -> id: Adults_room_1_1_plus]
Session ID: 76028de301b44cf79cf645ce57e15902
at java.base/jdk.internal.reflect.DirectConstructorHandleAccessor.newInstance(DirectConstructorHandleAccessor.java:62)
at java.base/java.lang.reflect.Constructor.newInstanceWithCaller(Constructor.java:502)
at java.base/java.lang.reflect.Constructor.newInstance(Constructor.java:486)
at org.openqa.selenium.remote.ErrorCodec.decode(ErrorCodec.java:167)
at org.openqa.selenium.remote.codec.w3c.W3CHttpResponseCodec.decode(W3CHttpResponseCodec.java:142)
at org.openqa.selenium.remote.codec.w3c.W3CHttpResponseCodec.decode(W3CHttpResponseCodec.java:49)
at org.openqa.selenium.remote.HttpCommandExecutor.execute(HttpCommandExecutor.java:215)
at org.openqa.selenium.remote.service.DriverCommandExecutor.invokeExecute(DriverCommandExecutor.java:216)
at org.openqa.selenium.remote.service.DriverCommandExecutor.execute(DriverCommandExecutor.java:174)
at org.openqa.selenium.remote.RemoteWebDriver.execute(RemoteWebDriver.java:561)
at org.openqa.selenium.remote.RemoteWebElement.execute(RemoteWebElement.java:223)
at org.openqa.selenium.remote.RemoteWebElement.click(RemoteWebElement.java:76)
at java.base/jdk.internal.reflect.DirectMethodHandleAccessor.invoke(DirectMethodHandleAccessor.java:103)
at java.base/java.lang.reflect.Method.invoke(Method.java:580)
at org.openqa.selenium.support.pagefactory.internal.LocatingElementHandler.invoke(LocatingElementHandler.java:51)
at jdk.proxy2/jdk.proxy2.$Proxy9.click(Unknown Source)
at pageObjects.HotelsPage.IncreamentAdult(HotelsPage.java:77)
at testCases.HotelsPageTest.verifyAdultCountNotZero(HotelsPageTest.java:32)
at java.base/jdk.internal.reflect.DirectMethodHandleAccessor.invoke(DirectMethodHandleAccessor.java:103)
at java.base/java.lang.reflect.Method.invoke(Method.java:580)
at org.testng.internal.invokers.MethodInvocationHelper.invokeMethod(MethodInvocationHelper.java:141)
at org.testng.internal.invokers.TestInvoker.invokeMethod(TestInvoker.java:687)
at org.testng.internal.invokers.TestInvoker.invokeTestMethod(TestInvoker.java:230)
at org.testng.internal.invokers.MethodRunner.runInSequence(MethodRunner.java:63)
at org.testng.internal.invokers.TestInvoker$MethodInvocationAgent.invoke(TestInvoker.java:995)
at org.testng.internal.invokers.TestInvoker.invokeTestMethods(TestInvoker.java:203)
at org.testng.internal.invokers.TestMethodWorker.invokeTestMethods(TestMethodWorker.java:154)
at org.testng.internal.invokers.TestMethodWorker.run(TestMethodWorker.java:134)
at java.base/java.util.ArrayList.forEach(ArrayList.java:1596)
at org.testng.TestRunner.privateRun(TestRunner.java:741)
at org.testng.TestRunner.run(TestRunner.java:616)
at org.testng.SuiteRunner.runTest(SuiteRunner.java:421)
at org.testng.SuiteRunner.runSequentially(SuiteRunner.java:413)
at org.testng.SuiteRunner.privateRun(SuiteRunner.java:373)
at org.testng.SuiteRunner.run(SuiteRunner.java:312)
at org.testng.SuiteRunnerWorker.runSuite(SuiteRunnerWorker.java:52)
at org.testng.SuiteRunnerWorker.run(SuiteRunnerWorker.java:95)
at org.testng.TestNG.runSuitesSequentially(TestNG.java:1274)
at org.testng.TestNG.runSuitesLocally(TestNG.java:1208)
at org.testng.TestNG.runSuites(TestNG.java:1112)
at org.testng.TestNG.run(TestNG.java:1079)
at org.apache.maven.surefire.testng.TestNGExecutor.run(TestNGExecutor.java:155)
at org.apache.maven.surefire.testng.TestNGDirectoryTestSuite.executeMulti(TestNGDirectoryTestSuite.java:169)
at org.apache.maven.surefire.testng.TestNGDirectoryTestSuite.execute(TestNGDirectoryTestSuite.java:88)
at org.apache.maven.surefire.testng.TestNGProvider.invoke(TestNGProvider.java:137)
at org.apache.maven.surefire.booter.ForkedBooter.runSuitesInProcess(ForkedBooter.java:385)
at org.apache.maven.surefire.booter.ForkedBooter.execute(ForkedBooter.java:162)
at org.apache.maven.surefire.booter.ForkedBooter.run(ForkedBooter.java:507)
at org.apache.maven.surefire.booter.ForkedBooter.main(ForkedBooter.java:495)
]]>
            </full-stacktrace>
          </exception> <!-- org.openqa.selenium.ElementNotInteractableException -->
          <reporter-output>
          </reporter-output>
        </test-method> <!-- verifyAdultCountNotZero -->
        <test-method signature="verifyCheckInAndCheckOutAreNotSame()[pri:4, instance:testCases.HotelsPageTest@c267ef4]" started-at="2026-02-07T22:19:17 IST" name="verifyCheckInAndCheckOutAreNotSame" finished-at="2026-02-07T22:19:22 IST" duration-ms="4913" status="PASS">
          <reporter-output>
          </reporter-output>
        </test-method> <!-- verifyCheckInAndCheckOutAreNotSame -->
        <test-method is-config="true" signature="tearDown()[pri:0, instance:testCases.HotelsPageTest@c267ef4]" started-at="2026-02-07T22:19:22 IST" name="tearDown" finished-at="2026-02-07T22:19:23 IST" duration-ms="1028" status="PASS">
          <reporter-output>
          </reporter-output>
        </test-method> <!-- tearDown -->
      </class> <!-- testCases.HotelsPageTest -->
      <class name="testCases.MyBookingTest">
        <test-method is-config="true" signature="setUp()[pri:0, instance:testCases.MyBookingTest@31d7b7bf]" started-at="2026-02-07T22:19:39 IST" name="setUp" finished-at="2026-02-07T22:19:47 IST" duration-ms="8177" status="PASS">
          <reporter-output>
          </reporter-output>
        </test-method> <!-- setUp -->
        <test-method signature="verifyInvalidBookingDetails()[pri:0, instance:testCases.MyBookingTest@31d7b7bf]" started-at="2026-02-07T22:19:47 IST" name="verifyInvalidBookingDetails" finished-at="2026-02-07T22:19:57 IST" duration-ms="9884" status="PASS">
          <reporter-output>
          </reporter-output>
        </test-method> <!-- verifyInvalidBookingDetails -->
        <test-method is-config="true" signature="tearDown()[pri:0, instance:testCases.MyBookingTest@31d7b7bf]" started-at="2026-02-07T22:19:57 IST" name="tearDown" finished-at="2026-02-07T22:19:58 IST" duration-ms="518" status="PASS">
          <reporter-output>
          </reporter-output>
        </test-method> <!-- tearDown -->
      </class> <!-- testCases.MyBookingTest -->
      <class name="testCases.FlightsTest">
        <test-method is-config="true" signature="setUp()[pri:0, instance:testCases.FlightsTest@48ae9b55]" started-at="2026-02-07T22:15:55 IST" name="setUp" finished-at="2026-02-07T22:16:15 IST" duration-ms="19694" status="PASS">
          <reporter-output>
          </reporter-output>
        </test-method> <!-- setUp -->
        <test-method signature="flightCaseTest()[pri:1, instance:testCases.FlightsTest@48ae9b55]" started-at="2026-02-07T22:16:15 IST" name="flightCaseTest" finished-at="2026-02-07T22:16:37 IST" duration-ms="22074" status="PASS">
          <reporter-output>
          </reporter-output>
        </test-method> <!-- flightCaseTest -->
        <test-method signature="selectEmptyCoupon()[pri:2, instance:testCases.FlightsTest@48ae9b55]" started-at="2026-02-07T22:16:37 IST" name="selectEmptyCoupon" finished-at="2026-02-07T22:16:39 IST" duration-ms="1513" status="PASS">
          <reporter-output>
          </reporter-output>
        </test-method> <!-- selectEmptyCoupon -->
        <test-method signature="selectFlightDetailsCase()[pri:3, instance:testCases.FlightsTest@48ae9b55]" started-at="2026-02-07T22:16:39 IST" name="selectFlightDetailsCase" finished-at="2026-02-07T22:16:55 IST" duration-ms="16452" status="PASS">
          <reporter-output>
          </reporter-output>
        </test-method> <!-- selectFlightDetailsCase -->
        <test-method signature="payCases()[pri:4, instance:testCases.FlightsTest@48ae9b55]" started-at="2026-02-07T22:16:55 IST" name="payCases" finished-at="2026-02-07T22:17:03 IST" duration-ms="8292" status="PASS">
          <reporter-output>
          </reporter-output>
        </test-method> <!-- payCases -->
        <test-method is-config="true" signature="tearDown()[pri:0, instance:testCases.FlightsTest@48ae9b55]" started-at="2026-02-07T22:17:03 IST" name="tearDown" finished-at="2026-02-07T22:17:04 IST" duration-ms="754" status="PASS">
          <reporter-output>
          </reporter-output>
        </test-method> <!-- tearDown -->
      </class> <!-- testCases.FlightsTest -->
      <class name="testCases.HomePageTest">
        <test-method is-config="true" signature="setUp()[pri:0, instance:testCases.HomePageTest@21de60b4]" started-at="2026-02-07T22:17:47 IST" name="setUp" finished-at="2026-02-07T22:17:57 IST" duration-ms="10216" status="PASS">
          <reporter-output>
          </reporter-output>
        </test-method> <!-- setUp -->
        <test-method signature="validateDefaultTravellerCount()[pri:1, instance:testCases.HomePageTest@21de60b4]" started-at="2026-02-07T22:17:57 IST" name="validateDefaultTravellerCount" finished-at="2026-02-07T22:17:58 IST" duration-ms="223" status="PASS">
          <reporter-output>
          </reporter-output>
        </test-method> <!-- validateDefaultTravellerCount -->
        <test-method signature="testSameFromAndTo()[pri:2, instance:testCases.HomePageTest@21de60b4]" started-at="2026-02-07T22:17:58 IST" name="testSameFromAndTo" finished-at="2026-02-07T22:18:10 IST" duration-ms="12285" status="PASS">
          <reporter-output>
          </reporter-output>
        </test-method> <!-- testSameFromAndTo -->
        <test-method signature="testSwitchCity()[pri:3, instance:testCases.HomePageTest@21de60b4]" started-at="2026-02-07T22:18:10 IST" name="testSwitchCity" finished-at="2026-02-07T22:18:14 IST" duration-ms="3868" status="PASS">
          <reporter-output>
          </reporter-output>
        </test-method> <!-- testSwitchCity -->
        <test-method signature="testValidDetails()[pri:4, instance:testCases.HomePageTest@21de60b4]" started-at="2026-02-07T22:18:14 IST" name="testValidDetails" finished-at="2026-02-07T22:18:24 IST" duration-ms="9835" status="PASS">
          <reporter-output>
          </reporter-output>
        </test-method> <!-- testValidDetails -->
        <test-method signature="testRoundTripFunctionality()[pri:5, instance:testCases.HomePageTest@21de60b4]" started-at="2026-02-07T22:18:24 IST" name="testRoundTripFunctionality" finished-at="2026-02-07T22:18:35 IST" duration-ms="11197" status="PASS">
          <reporter-output>
          </reporter-output>
        </test-method> <!-- testRoundTripFunctionality -->
        <test-method is-config="true" signature="tearDown()[pri:0, instance:testCases.HomePageTest@21de60b4]" started-at="2026-02-07T22:18:35 IST" name="tearDown" finished-at="2026-02-07T22:18:36 IST" duration-ms="988" status="PASS">
          <reporter-output>
          </reporter-output>
        </test-method> <!-- tearDown -->
      </class> <!-- testCases.HomePageTest -->
    </test> <!-- Surefire test -->
  </suite> <!-- Surefire suite -->
</testng-results>
