<!DOCTYPE html PUBLIC "-//W3C//DTD XHTML 1.1//EN" "https://www.w3.org/TR/xhtml11/DTD/xhtml11.dtd">
<html xmlns="https://www.w3.org/1999/xhtml">
<head>
<meta http-equiv="content-type" content="text/html; charset=UTF-8"/>
<title>TestNG Report</title>
<style type="text/css">table {margin-bottom:10px;border-collapse:collapse;empty-cells:show}th,td {border:1px solid #009;padding:.25em .5em}th {vertical-align:bottom}td {vertical-align:top}table a {font-weight:bold}.stripe td {background-color: #E6EBF9}.num {text-align:right}.passedodd td {background-color: #3F3}.passedeven td {background-color: #0A0}.skippedodd td {background-color: #DDD}.skippedeven td {background-color: #CCC}.failedodd td,.attn {background-color: #F33}.failedeven td,.stripe .attn {background-color: #D00}.stacktrace {white-space:pre;font-family:monospace}.totop {font-size:85%;text-align:center;border-bottom:2px solid #000}.invisible {display:none}</style>
</head>
<body>
<table>
<tr><th>Test</th><th># Passed</th><th># Skipped</th><th># Retried</th><th># Failed</th><th>Time (ms)</th><th>Included Groups</th><th>Excluded Groups</th></tr>
<tr><th colspan="8">All Test Suite</th></tr>
<tr><td><a href="#t0">Run testNG</a></td><td class="num">18</td><td class="num">0</td><td class="num">0</td><td class="num attn">3</td><td class="num">356,797</td><td>login</td><td></td></tr>
</table>
<table id='summary'><thead><tr><th>Class</th><th>Method</th><th>Start</th><th>Time (ms)</th></tr></thead><tbody><tr><th colspan="4">All Test Suite</th></tr></tbody><tbody id="t0"><tr><th colspan="4">Run testNG &#8212; failed</th></tr><tr class="failedeven"><td rowspan="1">testCases.GiftCardTest</td><td><a href="#m0">testGiftCardPurchaseFlow</a></td><td rowspan="1">1770484705851</td><td rowspan="1">16805</td></tr><tr class="failedodd"><td rowspan="2">testCases.HomePageTest</td><td><a href="#m1">testRoundTripFunctionality</a></td><td rowspan="1">1770484600969</td><td rowspan="1">1281</td></tr><tr class="failedodd"><td><a href="#m2">testValidDetails</a></td><td rowspan="1">1770484597837</td><td rowspan="1">3118</td></tr><tr><th colspan="4">Run testNG &#8212; passed</th></tr><tr class="passedeven"><td rowspan="4">testCases.FlightsTest</td><td><a href="#m3">flightCaseTest</a></td><td rowspan="1">1770484621351</td><td rowspan="1">30301</td></tr><tr class="passedeven"><td><a href="#m4">payCases</a></td><td rowspan="1">1770484672517</td><td rowspan="1">13009</td></tr><tr class="passedeven"><td><a href="#m5">selectEmptyCoupon</a></td><td rowspan="1">1770484651661</td><td rowspan="1">1669</td></tr><tr class="passedeven"><td><a href="#m6">selectFlightDetailsCase</a></td><td rowspan="1">1770484653336</td><td rowspan="1">19116</td></tr><tr class="passedodd"><td rowspan="3">testCases.GiftCardTest</td><td><a href="#m7">testInvalidAmount</a></td><td rowspan="1">1770484722660</td><td rowspan="1">15324</td></tr><tr class="passedodd"><td><a href="#m8">testLaterButton</a></td><td rowspan="1">1770484737984</td><td rowspan="1">11280</td></tr><tr class="passedodd"><td><a href="#m9">testUnselectedLaterButton</a></td><td rowspan="1">1770484749264</td><td rowspan="1">9520</td></tr><tr class="passedeven"><td rowspan="3">testCases.HomePageTest</td><td><a href="#m10">testSameFromAndTo</a></td><td rowspan="1">1770484562119</td><td rowspan="1">28137</td></tr><tr class="passedeven"><td><a href="#m11">testSwitchCity</a></td><td rowspan="1">1770484590258</td><td rowspan="1">7575</td></tr><tr class="passedeven"><td><a href="#m12">validateDefaultTravellerCount</a></td><td rowspan="1">1770484560899</td><td rowspan="1">1218</td></tr><tr class="passedodd"><td rowspan="4">testCases.HotelsPageTest</td><td><a href="#m13">verifyAdultCountNotZero</a></td><td rowspan="1">1770484790732</td><td rowspan="1">11338</td></tr><tr class="passedodd"><td><a href="#m14">verifyCheckInAndCheckOutAreNotSame</a></td><td rowspan="1">1770484802070</td><td rowspan="1">6164</td></tr><tr class="passedodd"><td><a href="#m15">verifyHotelsNavigation</a></td><td rowspan="1">1770484786231</td><td rowspan="1">4501</td></tr><tr class="passedodd"><td><a href="#m16">verifyMaxAdultCountFlow</a></td><td rowspan="1">1770484776229</td><td rowspan="1">9999</td></tr><tr class="passedeven"><td rowspan="3">testCases.LoginTest</td><td><a href="#m17">invalidMailCase</a></td><td rowspan="1">1770484520295</td><td rowspan="1">4445</td></tr><tr class="passedeven"><td><a href="#m18">invalidPasswordCase</a></td><td rowspan="1">1770484524796</td><td rowspan="1">6440</td></tr><tr class="passedeven"><td><a href="#m19">validLoginTestCase</a></td><td rowspan="1">1770484531242</td><td rowspan="1">4176</td></tr><tr class="passedodd"><td rowspan="1">testCases.MyBookingTest</td><td><a href="#m20">verifyInvalidBookingDetails</a></td><td rowspan="1">1770484832131</td><td rowspan="1">21418</td></tr></tbody>
</table>
<h2>Run testNG</h2><h3 id="m0">testCases.GiftCardTest#testGiftCardPurchaseFlow</h3><table class="result"><tr><th>Exception</th></tr><tr><td><div class="stacktrace">org.openqa.selenium.TimeoutException: Expected condition failed: waiting for element to be clickable: [[ChromeDriver: chrome on windows (a1e76806623d3a4738de976860a8bab2)] -&gt; xpath: //span[text()=&apos;Gift Card&apos;]] (tried for 10 second(s) with 500 milliseconds interval)
Build info: version: &apos;4.39.0&apos;, revision: &apos;126f156aee&apos;
System info: os.name: &apos;Windows 11&apos;, os.arch: &apos;amd64&apos;, os.version: &apos;10.0&apos;, java.version: &apos;21&apos;
Driver info: org.openqa.selenium.chrome.ChromeDriver
Capabilities {acceptInsecureCerts: false, browserName: chrome, browserVersion: 142.0.7444.176, chrome: {chromedriverVersion: 142.0.7444.175 (302067f14a4..., userDataDir: C:\Users\2457355\AppData\Lo...}, fedcm:accounts: true, goog:chromeOptions: {debuggerAddress: localhost:64155}, goog:processID: 14136, networkConnectionEnabled: false, pageLoadStrategy: normal, platformName: windows, proxy: Proxy(), se:cdp: ws://localhost:64155/devtoo..., se:cdpVersion: 142.0.7444.176, setWindowRect: true, strictFileInteractability: false, timeouts: {implicit: 0, pageLoad: 300000, script: 30000}, unhandledPromptBehavior: dismiss and notify, webauthn:extension:credBlob: true, webauthn:extension:largeBlob: true, webauthn:extension:minPinLength: true, webauthn:extension:prf: true, webauthn:virtualAuthenticators: true}
Session ID: a1e76806623d3a4738de976860a8bab2
	at org.openqa.selenium.support.ui.WebDriverWait.timeoutException(WebDriverWait.java:84)
	at org.openqa.selenium.support.ui.FluentWait.until(FluentWait.java:228)
	at pageObjects.HomePage.navigateToGiftCard(HomePage.java:41)
	at testCases.GiftCardTest.testGiftCardPurchaseFlow(GiftCardTest.java:15)
	at java.base/java.util.ArrayList.forEach(ArrayList.java:1596)
	at com.intellij.rt.testng.IDEARemoteTestNG.run(IDEARemoteTestNG.java:65)
	at com.intellij.rt.testng.RemoteTestNGStarter.main(RemoteTestNGStarter.java:105)
... Removed 22 stack frames</div></td></tr></table><p class="totop"><a href="#summary">back to summary</a></p>
<h3 id="m1">testCases.HomePageTest#testRoundTripFunctionality</h3><table class="result"><tr><th>Exception</th></tr><tr><td><div class="stacktrace">org.openqa.selenium.ElementClickInterceptedException: element click intercepted: Element &lt;li id=&quot;rtrip&quot; class=&quot;trip_type flig-show&quot; onclick=&quot;setType(&apos;R&apos;);&quot; aria-label=&quot;Round Trip&quot; role=&quot;tab&quot; tabindex=&quot;0&quot;&gt;...&lt;/li&gt; is not clickable at point (177, 11). Other element would receive the click: &lt;div class=&quot;overlaybg1&quot; id=&quot;overlaybg1&quot; style=&quot;display: block;&quot;&gt;&lt;/div&gt;
  (Session info: chrome=142.0.7444.176)
Build info: version: &apos;4.39.0&apos;, revision: &apos;126f156aee&apos;
System info: os.name: &apos;Windows 11&apos;, os.arch: &apos;amd64&apos;, os.version: &apos;10.0&apos;, java.version: &apos;21&apos;
Driver info: org.openqa.selenium.chrome.ChromeDriver
Command: [39da1265d390bf1e87c3249bc6cde542, clickElement {id=f.DA10B1A733370173277BCE041C55DF43.d.2796A59DA4213BCF49EBB036815137F6.e.665}]
Capabilities {acceptInsecureCerts: false, browserName: chrome, browserVersion: 142.0.7444.176, chrome: {chromedriverVersion: 142.0.7444.175 (302067f14a4..., userDataDir: C:\Users\2457355\AppData\Lo...}, fedcm:accounts: true, goog:chromeOptions: {debuggerAddress: localhost:53381}, goog:processID: 14324, networkConnectionEnabled: false, pageLoadStrategy: normal, platformName: windows, proxy: Proxy(), se:cdp: ws://localhost:53381/devtoo..., se:cdpVersion: 142.0.7444.176, setWindowRect: true, strictFileInteractability: false, timeouts: {implicit: 0, pageLoad: 300000, script: 30000}, unhandledPromptBehavior: dismiss and notify, webauthn:extension:credBlob: true, webauthn:extension:largeBlob: true, webauthn:extension:minPinLength: true, webauthn:extension:prf: true, webauthn:virtualAuthenticators: true}
Element: [[ChromeDriver: chrome on windows (39da1265d390bf1e87c3249bc6cde542)] -&gt; xpath: //li[@id=&apos;rtrip&apos;]]
Session ID: 39da1265d390bf1e87c3249bc6cde542
	at org.openqa.selenium.remote.ErrorCodec.decode(ErrorCodec.java:167)
	at org.openqa.selenium.remote.codec.w3c.W3CHttpResponseCodec.decode(W3CHttpResponseCodec.java:142)
	at org.openqa.selenium.remote.codec.w3c.W3CHttpResponseCodec.decode(W3CHttpResponseCodec.java:49)
	at org.openqa.selenium.remote.HttpCommandExecutor.execute(HttpCommandExecutor.java:215)
	at org.openqa.selenium.remote.service.DriverCommandExecutor.invokeExecute(DriverCommandExecutor.java:216)
	at org.openqa.selenium.remote.service.DriverCommandExecutor.execute(DriverCommandExecutor.java:174)
	at org.openqa.selenium.remote.RemoteWebDriver.execute(RemoteWebDriver.java:561)
	at org.openqa.selenium.remote.RemoteWebElement.execute(RemoteWebElement.java:223)
	at org.openqa.selenium.remote.RemoteWebElement.click(RemoteWebElement.java:76)
	at org.openqa.selenium.support.pagefactory.internal.LocatingElementHandler.invoke(LocatingElementHandler.java:51)
	at jdk.proxy2/jdk.proxy2.$Proxy13.click(Unknown Source)
	at pageObjects.FlightsPage.testingRoundTripFunctionality(FlightsPage.java:132)
	at testCases.HomePageTest.testRoundTripFunctionality(HomePageTest.java:44)
	at java.base/java.util.ArrayList.forEach(ArrayList.java:1596)
	at com.intellij.rt.testng.IDEARemoteTestNG.run(IDEARemoteTestNG.java:65)
	at com.intellij.rt.testng.RemoteTestNGStarter.main(RemoteTestNGStarter.java:105)
... Removed 27 stack frames</div></td></tr></table><p class="totop"><a href="#summary">back to summary</a></p>
<h3 id="m2">testCases.HomePageTest#testValidDetails</h3><table class="result"><tr><th>Exception</th></tr><tr><td><div class="stacktrace">org.openqa.selenium.StaleElementReferenceException: stale element reference: stale element not found in the current frame
  (Session info: chrome=142.0.7444.176)
For documentation on this error, please visit: https://www.selenium.dev/documentation/webdriver/troubleshooting/errors#staleelementreferenceexception
Build info: version: &apos;4.39.0&apos;, revision: &apos;126f156aee&apos;
System info: os.name: &apos;Windows 11&apos;, os.arch: &apos;amd64&apos;, os.version: &apos;10.0&apos;, java.version: &apos;21&apos;
Driver info: org.openqa.selenium.chrome.ChromeDriver
Command: [39da1265d390bf1e87c3249bc6cde542, clickElement {id=f.DA10B1A733370173277BCE041C55DF43.d.2796A59DA4213BCF49EBB036815137F6.e.649}]
Capabilities {acceptInsecureCerts: false, browserName: chrome, browserVersion: 142.0.7444.176, chrome: {chromedriverVersion: 142.0.7444.175 (302067f14a4..., userDataDir: C:\Users\2457355\AppData\Lo...}, fedcm:accounts: true, goog:chromeOptions: {debuggerAddress: localhost:53381}, goog:processID: 14324, networkConnectionEnabled: false, pageLoadStrategy: normal, platformName: windows, proxy: Proxy(), se:cdp: ws://localhost:53381/devtoo..., se:cdpVersion: 142.0.7444.176, setWindowRect: true, strictFileInteractability: false, timeouts: {implicit: 0, pageLoad: 300000, script: 30000}, unhandledPromptBehavior: dismiss and notify, webauthn:extension:credBlob: true, webauthn:extension:largeBlob: true, webauthn:extension:minPinLength: true, webauthn:extension:prf: true, webauthn:virtualAuthenticators: true}
Element: [[ChromeDriver: chrome on windows (39da1265d390bf1e87c3249bc6cde542)] -&gt; xpath: //li[@id=&apos;snd_6_14/02/2026&apos;]]
Session ID: 39da1265d390bf1e87c3249bc6cde542
	at org.openqa.selenium.remote.ErrorCodec.decode(ErrorCodec.java:167)
	at org.openqa.selenium.remote.codec.w3c.W3CHttpResponseCodec.decode(W3CHttpResponseCodec.java:142)
	at org.openqa.selenium.remote.codec.w3c.W3CHttpResponseCodec.decode(W3CHttpResponseCodec.java:49)
	at org.openqa.selenium.remote.HttpCommandExecutor.execute(HttpCommandExecutor.java:215)
	at org.openqa.selenium.remote.service.DriverCommandExecutor.invokeExecute(DriverCommandExecutor.java:216)
	at org.openqa.selenium.remote.service.DriverCommandExecutor.execute(DriverCommandExecutor.java:174)
	at org.openqa.selenium.remote.RemoteWebDriver.execute(RemoteWebDriver.java:561)
	at org.openqa.selenium.remote.RemoteWebElement.execute(RemoteWebElement.java:223)
	at org.openqa.selenium.remote.RemoteWebElement.click(RemoteWebElement.java:76)
	at org.openqa.selenium.support.pagefactory.internal.LocatingElementHandler.invoke(LocatingElementHandler.java:51)
	at jdk.proxy2/jdk.proxy2.$Proxy13.click(Unknown Source)
	at pageObjects.FlightsPage.addTravelDetails(FlightsPage.java:82)
	at testCases.HomePageTest.testValidDetails(HomePageTest.java:36)
	at java.base/java.util.ArrayList.forEach(ArrayList.java:1596)
	at com.intellij.rt.testng.IDEARemoteTestNG.run(IDEARemoteTestNG.java:65)
	at com.intellij.rt.testng.RemoteTestNGStarter.main(RemoteTestNGStarter.java:105)
... Removed 27 stack frames</div></td></tr></table><p class="totop"><a href="#summary">back to summary</a></p>
<h3 id="m3">testCases.FlightsTest#flightCaseTest</h3><table class="result"><tr><th class="invisible"/></tr></table><p class="totop"><a href="#summary">back to summary</a></p>
<h3 id="m4">testCases.FlightsTest#payCases</h3><table class="result"><tr><th class="invisible"/></tr></table><p class="totop"><a href="#summary">back to summary</a></p>
<h3 id="m5">testCases.FlightsTest#selectEmptyCoupon</h3><table class="result"><tr><th class="invisible"/></tr></table><p class="totop"><a href="#summary">back to summary</a></p>
<h3 id="m6">testCases.FlightsTest#selectFlightDetailsCase</h3><table class="result"><tr><th class="invisible"/></tr></table><p class="totop"><a href="#summary">back to summary</a></p>
<h3 id="m7">testCases.GiftCardTest#testInvalidAmount</h3><table class="result"><tr><th class="invisible"/></tr></table><p class="totop"><a href="#summary">back to summary</a></p>
<h3 id="m8">testCases.GiftCardTest#testLaterButton</h3><table class="result"><tr><th class="invisible"/></tr></table><p class="totop"><a href="#summary">back to summary</a></p>
<h3 id="m9">testCases.GiftCardTest#testUnselectedLaterButton</h3><table class="result"><tr><th class="invisible"/></tr></table><p class="totop"><a href="#summary">back to summary</a></p>
<h3 id="m10">testCases.HomePageTest#testSameFromAndTo</h3><table class="result"><tr><th class="invisible"/></tr></table><p class="totop"><a href="#summary">back to summary</a></p>
<h3 id="m11">testCases.HomePageTest#testSwitchCity</h3><table class="result"><tr><th class="invisible"/></tr></table><p class="totop"><a href="#summary">back to summary</a></p>
<h3 id="m12">testCases.HomePageTest#validateDefaultTravellerCount</h3><table class="result"><tr><th class="invisible"/></tr></table><p class="totop"><a href="#summary">back to summary</a></p>
<h3 id="m13">testCases.HotelsPageTest#verifyAdultCountNotZero</h3><table class="result"><tr><th class="invisible"/></tr></table><p class="totop"><a href="#summary">back to summary</a></p>
<h3 id="m14">testCases.HotelsPageTest#verifyCheckInAndCheckOutAreNotSame</h3><table class="result"><tr><th class="invisible"/></tr></table><p class="totop"><a href="#summary">back to summary</a></p>
<h3 id="m15">testCases.HotelsPageTest#verifyHotelsNavigation</h3><table class="result"><tr><th class="invisible"/></tr></table><p class="totop"><a href="#summary">back to summary</a></p>
<h3 id="m16">testCases.HotelsPageTest#verifyMaxAdultCountFlow</h3><table class="result"><tr><th class="invisible"/></tr></table><p class="totop"><a href="#summary">back to summary</a></p>
<h3 id="m17">testCases.LoginTest#invalidMailCase</h3><table class="result"><tr><th class="invisible"/></tr></table><p class="totop"><a href="#summary">back to summary</a></p>
<h3 id="m18">testCases.LoginTest#invalidPasswordCase</h3><table class="result"><tr><th class="invisible"/></tr></table><p class="totop"><a href="#summary">back to summary</a></p>
<h3 id="m19">testCases.LoginTest#validLoginTestCase</h3><table class="result"><tr><th class="invisible"/></tr></table><p class="totop"><a href="#summary">back to summary</a></p>
<h3 id="m20">testCases.MyBookingTest#verifyInvalidBookingDetails</h3><table class="result"><tr><th class="invisible"/></tr></table><p class="totop"><a href="#summary">back to summary</a></p>
</body>
</html>
