<?xml version="1.0" encoding="UTF-8"?>
<testng-results ignored="0" total="21" passed="21" failed="0" skipped="0">
  <reporter-output>
  </reporter-output>
  <suite started-at="2026-02-09T12:32:45 IST" name="All Test Suite" finished-at="2026-02-09T12:36:07 IST" duration-ms="202254">
    <groups>
      <group name="login">
        <method signature="LoginTest.invalidMailCase()[pri:1, instance:testCases.LoginTest@38425407]" name="invalidMailCase" class="testCases.LoginTest"/>
        <method signature="LoginTest.invalidPasswordCase()[pri:2, instance:testCases.LoginTest@38425407]" name="invalidPasswordCase" class="testCases.LoginTest"/>
        <method signature="LoginTest.validLoginTestCase()[pri:3, instance:testCases.LoginTest@38425407]" name="validLoginTestCase" class="testCases.LoginTest"/>
      </group> <!-- login -->
    </groups>
    <test started-at="2026-02-09T12:32:45 IST" name="Run testNG" finished-at="2026-02-09T12:36:07 IST" duration-ms="202254">
      <class name="testCases.GiftCardTest">
        <test-method is-config="true" signature="setUp()[pri:0, instance:testCases.GiftCardTest@6f03482]" started-at="2026-02-09T12:34:40 IST" name="setUp" finished-at="2026-02-09T12:34:48 IST" duration-ms="8059" status="PASS">
          <reporter-output>
          </reporter-output>
        </test-method> <!-- setUp -->
        <test-method signature="testGiftCardPurchaseFlow()[pri:1, instance:testCases.GiftCardTest@6f03482]" started-at="2026-02-09T12:34:48 IST" name="testGiftCardPurchaseFlow" finished-at="2026-02-09T12:34:56 IST" duration-ms="7238" status="PASS">
          <reporter-output>
          </reporter-output>
        </test-method> <!-- testGiftCardPurchaseFlow -->
        <test-method signature="testInvalidAmount()[pri:2, instance:testCases.GiftCardTest@6f03482]" started-at="2026-02-09T12:34:56 IST" name="testInvalidAmount" finished-at="2026-02-09T12:34:59 IST" duration-ms="3785" status="PASS">
          <reporter-output>
          </reporter-output>
        </test-method> <!-- testInvalidAmount -->
        <test-method signature="testLaterButton()[pri:3, instance:testCases.GiftCardTest@6f03482]" started-at="2026-02-09T12:34:59 IST" name="testLaterButton" finished-at="2026-02-09T12:35:04 IST" duration-ms="4139" status="PASS">
          <reporter-output>
          </reporter-output>
        </test-method> <!-- testLaterButton -->
        <test-method signature="testUnselectedLaterButton()[pri:4, instance:testCases.GiftCardTest@6f03482]" started-at="2026-02-09T12:35:04 IST" name="testUnselectedLaterButton" finished-at="2026-02-09T12:35:08 IST" duration-ms="4644" status="PASS">
          <reporter-output>
          </reporter-output>
        </test-method> <!-- testUnselectedLaterButton -->
        <test-method is-config="true" signature="tearDown()[pri:0, instance:testCases.GiftCardTest@6f03482]" started-at="2026-02-09T12:35:08 IST" name="tearDown" finished-at="2026-02-09T12:35:13 IST" duration-ms="4745" status="PASS">
          <reporter-output>
          </reporter-output>
        </test-method> <!-- tearDown -->
      </class> <!-- testCases.GiftCardTest -->
      <class name="testCases.HotelsPageTest">
        <test-method is-config="true" signature="setUp()[pri:0, instance:testCases.HotelsPageTest@3857f613]" started-at="2026-02-09T12:35:13 IST" name="setUp" finished-at="2026-02-09T12:35:21 IST" duration-ms="7712" status="PASS">
          <reporter-output>
          </reporter-output>
        </test-method> <!-- setUp -->
        <test-method signature="verifyMaxAdultCountFlow()[pri:1, instance:testCases.HotelsPageTest@3857f613]" started-at="2026-02-09T12:35:21 IST" name="verifyMaxAdultCountFlow" finished-at="2026-02-09T12:35:25 IST" duration-ms="4616" status="PASS">
          <reporter-output>
          </reporter-output>
        </test-method> <!-- verifyMaxAdultCountFlow -->
        <test-method signature="verifyHotelsNavigation()[pri:2, instance:testCases.HotelsPageTest@3857f613]" started-at="2026-02-09T12:35:25 IST" name="verifyHotelsNavigation" finished-at="2026-02-09T12:35:28 IST" duration-ms="2545" status="PASS">
          <reporter-output>
          </reporter-output>
        </test-method> <!-- verifyHotelsNavigation -->
        <test-method signature="verifyAdultCountNotZero()[pri:3, instance:testCases.HotelsPageTest@3857f613]" started-at="2026-02-09T12:35:28 IST" name="verifyAdultCountNotZero" finished-at="2026-02-09T12:35:37 IST" duration-ms="9445" status="PASS">
          <reporter-output>
          </reporter-output>
        </test-method> <!-- verifyAdultCountNotZero -->
        <test-method signature="verifyCheckInAndCheckOutAreNotSame()[pri:4, instance:testCases.HotelsPageTest@3857f613]" started-at="2026-02-09T12:35:37 IST" name="verifyCheckInAndCheckOutAreNotSame" finished-at="2026-02-09T12:35:40 IST" duration-ms="2829" status="PASS">
          <reporter-output>
          </reporter-output>
        </test-method> <!-- verifyCheckInAndCheckOutAreNotSame -->
        <test-method is-config="true" signature="tearDown()[pri:0, instance:testCases.HotelsPageTest@3857f613]" started-at="2026-02-09T12:35:40 IST" name="tearDown" finished-at="2026-02-09T12:35:47 IST" duration-ms="6471" status="PASS">
          <reporter-output>
          </reporter-output>
        </test-method> <!-- tearDown -->
      </class> <!-- testCases.HotelsPageTest -->
      <class name="testCases.LoginTest">
        <test-method is-config="true" signature="setUp()[pri:0, instance:testCases.LoginTest@38425407]" started-at="2026-02-09T12:32:45 IST" name="setUp" finished-at="2026-02-09T12:32:53 IST" duration-ms="8422" status="PASS">
          <reporter-output>
          </reporter-output>
        </test-method> <!-- setUp -->
        <test-method signature="invalidMailCase()[pri:1, instance:testCases.LoginTest@38425407]" started-at="2026-02-09T12:32:53 IST" name="invalidMailCase" finished-at="2026-02-09T12:32:55 IST" duration-ms="1709" status="PASS">
          <reporter-output>
          </reporter-output>
        </test-method> <!-- invalidMailCase -->
        <test-method signature="invalidPasswordCase()[pri:2, instance:testCases.LoginTest@38425407]" started-at="2026-02-09T12:32:55 IST" name="invalidPasswordCase" finished-at="2026-02-09T12:32:59 IST" duration-ms="3814" status="PASS">
          <reporter-output>
          </reporter-output>
        </test-method> <!-- invalidPasswordCase -->
        <test-method signature="validLoginTestCase()[pri:3, instance:testCases.LoginTest@38425407]" started-at="2026-02-09T12:32:59 IST" name="validLoginTestCase" finished-at="2026-02-09T12:33:01 IST" duration-ms="2168" status="PASS">
          <reporter-output>
          </reporter-output>
        </test-method> <!-- validLoginTestCase -->
        <test-method is-config="true" signature="tearDown()[pri:0, instance:testCases.LoginTest@38425407]" started-at="2026-02-09T12:33:01 IST" name="tearDown" finished-at="2026-02-09T12:33:05 IST" duration-ms="3908" status="PASS">
          <reporter-output>
          </reporter-output>
        </test-method> <!-- tearDown -->
      </class> <!-- testCases.LoginTest -->
      <class name="testCases.MyBookingTest">
        <test-method is-config="true" signature="setUp()[pri:0, instance:testCases.MyBookingTest@2cd76f31]" started-at="2026-02-09T12:35:47 IST" name="setUp" finished-at="2026-02-09T12:35:55 IST" duration-ms="8104" status="PASS">
          <reporter-output>
          </reporter-output>
        </test-method> <!-- setUp -->
        <test-method signature="verifyInvalidBookingDetails()[pri:0, instance:testCases.MyBookingTest@2cd76f31]" started-at="2026-02-09T12:35:55 IST" name="verifyInvalidBookingDetails" finished-at="2026-02-09T12:36:02 IST" duration-ms="7553" status="PASS">
          <reporter-output>
          </reporter-output>
        </test-method> <!-- verifyInvalidBookingDetails -->
        <test-method is-config="true" signature="tearDown()[pri:0, instance:testCases.MyBookingTest@2cd76f31]" started-at="2026-02-09T12:36:02 IST" name="tearDown" finished-at="2026-02-09T12:36:07 IST" duration-ms="4597" status="PASS">
          <reporter-output>
          </reporter-output>
        </test-method> <!-- tearDown -->
      </class> <!-- testCases.MyBookingTest -->
      <class name="testCases.FlightsTest">
        <test-method is-config="true" signature="setUp()[pri:0, instance:testCases.FlightsTest@7dcf94f8]" started-at="2026-02-09T12:33:45 IST" name="setUp" finished-at="2026-02-09T12:33:53 IST" duration-ms="7639" status="PASS">
          <reporter-output>
          </reporter-output>
        </test-method> <!-- setUp -->
        <test-method signature="flightCaseTest()[pri:1, instance:testCases.FlightsTest@7dcf94f8]" started-at="2026-02-09T12:33:53 IST" name="flightCaseTest" finished-at="2026-02-09T12:34:10 IST" duration-ms="17590" status="PASS">
          <reporter-output>
          </reporter-output>
        </test-method> <!-- flightCaseTest -->
        <test-method signature="selectEmptyCoupon()[pri:2, instance:testCases.FlightsTest@7dcf94f8]" started-at="2026-02-09T12:34:10 IST" name="selectEmptyCoupon" finished-at="2026-02-09T12:34:12 IST" duration-ms="1606" status="PASS">
          <reporter-output>
          </reporter-output>
        </test-method> <!-- selectEmptyCoupon -->
        <test-method signature="selectFlightDetailsCase()[pri:3, instance:testCases.FlightsTest@7dcf94f8]" started-at="2026-02-09T12:34:12 IST" name="selectFlightDetailsCase" finished-at="2026-02-09T12:34:27 IST" duration-ms="15165" status="PASS">
          <reporter-output>
          </reporter-output>
        </test-method> <!-- selectFlightDetailsCase -->
        <test-method signature="payCases()[pri:4, instance:testCases.FlightsTest@7dcf94f8]" started-at="2026-02-09T12:34:27 IST" name="payCases" finished-at="2026-02-09T12:34:33 IST" duration-ms="6017" status="PASS">
          <reporter-output>
          </reporter-output>
        </test-method> <!-- payCases -->
        <test-method is-config="true" signature="tearDown()[pri:0, instance:testCases.FlightsTest@7dcf94f8]" started-at="2026-02-09T12:34:33 IST" name="tearDown" finished-at="2026-02-09T12:34:40 IST" duration-ms="7302" status="PASS">
          <reporter-output>
          </reporter-output>
        </test-method> <!-- tearDown -->
      </class> <!-- testCases.FlightsTest -->
      <class name="testCases.HomePageTest">
        <test-method is-config="true" signature="setUp()[pri:0, instance:testCases.HomePageTest@44c03695]" started-at="2026-02-09T12:33:05 IST" name="setUp" finished-at="2026-02-09T12:33:13 IST" duration-ms="7854" status="PASS">
          <reporter-output>
          </reporter-output>
        </test-method> <!-- setUp -->
        <test-method signature="validateDefaultTravellerCount()[pri:1, instance:testCases.HomePageTest@44c03695]" started-at="2026-02-09T12:33:13 IST" name="validateDefaultTravellerCount" finished-at="2026-02-09T12:33:13 IST" duration-ms="81" status="PASS">
          <reporter-output>
          </reporter-output>
        </test-method> <!-- validateDefaultTravellerCount -->
        <test-method signature="testSameFromAndTo()[pri:2, instance:testCases.HomePageTest@44c03695]" started-at="2026-02-09T12:33:13 IST" name="testSameFromAndTo" finished-at="2026-02-09T12:33:26 IST" duration-ms="13399" status="PASS">
          <reporter-output>
          </reporter-output>
        </test-method> <!-- testSameFromAndTo -->
        <test-method signature="testSwitchCity()[pri:3, instance:testCases.HomePageTest@44c03695]" started-at="2026-02-09T12:33:26 IST" name="testSwitchCity" finished-at="2026-02-09T12:33:29 IST" duration-ms="2405" status="PASS">
          <reporter-output>
          </reporter-output>
        </test-method> <!-- testSwitchCity -->
        <test-method signature="testValidDetails()[pri:4, instance:testCases.HomePageTest@44c03695]" started-at="2026-02-09T12:33:29 IST" name="testValidDetails" finished-at="2026-02-09T12:33:33 IST" duration-ms="4362" status="PASS">
          <reporter-output>
          </reporter-output>
        </test-method> <!-- testValidDetails -->
        <test-method signature="testRoundTripFunctionality()[pri:5, instance:testCases.HomePageTest@44c03695]" started-at="2026-02-09T12:33:33 IST" name="testRoundTripFunctionality" finished-at="2026-02-09T12:33:38 IST" duration-ms="5283" status="PASS">
          <reporter-output>
          </reporter-output>
        </test-method> <!-- testRoundTripFunctionality -->
        <test-method is-config="true" signature="tearDown()[pri:0, instance:testCases.HomePageTest@44c03695]" started-at="2026-02-09T12:33:38 IST" name="tearDown" finished-at="2026-02-09T12:33:45 IST" duration-ms="6693" status="PASS">
          <reporter-output>
          </reporter-output>
        </test-method> <!-- tearDown -->
      </class> <!-- testCases.HomePageTest -->
    </test> <!-- Run testNG -->
  </suite> <!-- All Test Suite -->
</testng-results>
