<?xml version="1.0" encoding="UTF-8"?>
<testng-results ignored="0" total="20" passed="20" failed="0" skipped="0">
  <reporter-output>
  </reporter-output>
  <suite started-at="2026-02-04T10:40:12 IST" name="All Test Suite" finished-at="2026-02-04T10:44:03 IST" duration-ms="231221">
    <groups>
    </groups>
    <test started-at="2026-02-04T10:40:12 IST" name="C:/Users/2457422/IdeaProjects/EaseMyTrip_Hackathon" finished-at="2026-02-04T10:44:03 IST" duration-ms="231221">
      <class name="testCases.FlightCases">
        <test-method is-config="true" signature="setUp()[pri:0, instance:testCases.FlightCases@2d1ef81a]" started-at="2026-02-04T10:41:24 IST" name="setUp" finished-at="2026-02-04T10:41:32 IST" duration-ms="8254" status="PASS">
          <reporter-output>
          </reporter-output>
        </test-method> <!-- setUp -->
        <test-method signature="flightCaseTest()[pri:1, instance:testCases.FlightCases@2d1ef81a]" started-at="2026-02-04T10:41:32 IST" name="flightCaseTest" finished-at="2026-02-04T10:41:54 IST" duration-ms="22210" status="PASS">
          <reporter-output>
          </reporter-output>
        </test-method> <!-- flightCaseTest -->
        <test-method signature="selectEmptyCoupon()[pri:2, instance:testCases.FlightCases@2d1ef81a]" started-at="2026-02-04T10:41:54 IST" name="selectEmptyCoupon" finished-at="2026-02-04T10:41:56 IST" duration-ms="2087" status="PASS">
          <reporter-output>
          </reporter-output>
        </test-method> <!-- selectEmptyCoupon -->
        <test-method signature="selectFlightDetailsCase()[pri:3, instance:testCases.FlightCases@2d1ef81a]" started-at="2026-02-04T10:41:56 IST" name="selectFlightDetailsCase" finished-at="2026-02-04T10:42:13 IST" duration-ms="17063" status="PASS">
          <reporter-output>
          </reporter-output>
        </test-method> <!-- selectFlightDetailsCase -->
        <test-method signature="payCases()[pri:4, instance:testCases.FlightCases@2d1ef81a]" started-at="2026-02-04T10:42:13 IST" name="payCases" finished-at="2026-02-04T10:42:21 IST" duration-ms="7657" status="PASS">
          <reporter-output>
          </reporter-output>
        </test-method> <!-- payCases -->
        <test-method is-config="true" signature="tearDown()[pri:0, instance:testCases.FlightCases@2d1ef81a]" started-at="2026-02-04T10:42:21 IST" name="tearDown" finished-at="2026-02-04T10:42:29 IST" duration-ms="7609" status="PASS">
          <reporter-output>
          </reporter-output>
        </test-method> <!-- tearDown -->
      </class> <!-- testCases.FlightCases -->
      <class name="testCases.GiftCardTest">
        <test-method is-config="true" signature="setUp()[pri:0, instance:testCases.GiftCardTest@dd05255]" started-at="2026-02-04T10:42:29 IST" name="setUp" finished-at="2026-02-04T10:42:40 IST" duration-ms="11094" status="PASS">
          <reporter-output>
          </reporter-output>
        </test-method> <!-- setUp -->
        <test-method signature="testGiftCardPurchaseFlow()[pri:1, instance:testCases.GiftCardTest@dd05255]" started-at="2026-02-04T10:42:40 IST" name="testGiftCardPurchaseFlow" finished-at="2026-02-04T10:42:55 IST" duration-ms="15177" status="PASS">
          <reporter-output>
          </reporter-output>
        </test-method> <!-- testGiftCardPurchaseFlow -->
        <test-method signature="testInvalidAmount()[pri:2, instance:testCases.GiftCardTest@dd05255]" started-at="2026-02-04T10:42:55 IST" name="testInvalidAmount" finished-at="2026-02-04T10:43:01 IST" duration-ms="5796" status="PASS">
          <reporter-output>
          </reporter-output>
        </test-method> <!-- testInvalidAmount -->
        <test-method signature="testLaterButton()[pri:3, instance:testCases.GiftCardTest@dd05255]" started-at="2026-02-04T10:43:01 IST" name="testLaterButton" finished-at="2026-02-04T10:43:08 IST" duration-ms="6847" status="PASS">
          <reporter-output>
          </reporter-output>
        </test-method> <!-- testLaterButton -->
        <test-method signature="testUnselectedLaterButton()[pri:4, instance:testCases.GiftCardTest@dd05255]" started-at="2026-02-04T10:43:08 IST" name="testUnselectedLaterButton" finished-at="2026-02-04T10:43:14 IST" duration-ms="6755" status="PASS">
          <reporter-output>
          </reporter-output>
        </test-method> <!-- testUnselectedLaterButton -->
        <test-method is-config="true" signature="tearDown()[pri:0, instance:testCases.GiftCardTest@dd05255]" started-at="2026-02-04T10:43:14 IST" name="tearDown" finished-at="2026-02-04T10:43:22 IST" duration-ms="7520" status="PASS">
          <reporter-output>
          </reporter-output>
        </test-method> <!-- tearDown -->
      </class> <!-- testCases.GiftCardTest -->
      <class name="testCases.HotelsPageTest">
        <test-method is-config="true" signature="setUp()[pri:0, instance:testCases.HotelsPageTest@31190526]" started-at="2026-02-04T10:43:22 IST" name="setUp" finished-at="2026-02-04T10:43:30 IST" duration-ms="7929" status="PASS">
          <reporter-output>
          </reporter-output>
        </test-method> <!-- setUp -->
        <test-method signature="verifyMaxAdultCountFlow()[pri:1, instance:testCases.HotelsPageTest@31190526]" started-at="2026-02-04T10:43:30 IST" name="verifyMaxAdultCountFlow" finished-at="2026-02-04T10:43:36 IST" duration-ms="6619" status="PASS">
          <reporter-output>
          </reporter-output>
        </test-method> <!-- verifyMaxAdultCountFlow -->
        <test-method signature="verifyHotelsNavigation()[pri:2, instance:testCases.HotelsPageTest@31190526]" started-at="2026-02-04T10:43:36 IST" name="verifyHotelsNavigation" finished-at="2026-02-04T10:43:41 IST" duration-ms="4956" status="PASS">
          <reporter-output>
          </reporter-output>
        </test-method> <!-- verifyHotelsNavigation -->
        <test-method signature="verifyAdultCountNotZero()[pri:3, instance:testCases.HotelsPageTest@31190526]" started-at="2026-02-04T10:43:41 IST" name="verifyAdultCountNotZero" finished-at="2026-02-04T10:43:50 IST" duration-ms="8923" status="PASS">
          <reporter-output>
          </reporter-output>
        </test-method> <!-- verifyAdultCountNotZero -->
        <test-method signature="verifyCheckInAndCheckOutAreNotSame()[pri:4, instance:testCases.HotelsPageTest@31190526]" started-at="2026-02-04T10:43:50 IST" name="verifyCheckInAndCheckOutAreNotSame" finished-at="2026-02-04T10:43:54 IST" duration-ms="4235" status="PASS">
          <reporter-output>
          </reporter-output>
        </test-method> <!-- verifyCheckInAndCheckOutAreNotSame -->
        <test-method is-config="true" signature="tearDown()[pri:0, instance:testCases.HotelsPageTest@31190526]" started-at="2026-02-04T10:43:54 IST" name="tearDown" finished-at="2026-02-04T10:44:03 IST" duration-ms="8403" status="PASS">
          <reporter-output>
          </reporter-output>
        </test-method> <!-- tearDown -->
      </class> <!-- testCases.HotelsPageTest -->
      <class name="testCases.EaseMyTrip">
        <test-method is-config="true" signature="setUp()[pri:0, instance:testCases.EaseMyTrip@292b08d6]" started-at="2026-02-04T10:40:36 IST" name="setUp" finished-at="2026-02-04T10:40:45 IST" duration-ms="9069" status="PASS">
          <reporter-output>
          </reporter-output>
        </test-method> <!-- setUp -->
        <test-method signature="validateDefaultTravellerCount()[pri:1, instance:testCases.EaseMyTrip@292b08d6]" started-at="2026-02-04T10:40:45 IST" name="validateDefaultTravellerCount" finished-at="2026-02-04T10:40:46 IST" duration-ms="1523" status="PASS">
          <reporter-output>
          </reporter-output>
        </test-method> <!-- validateDefaultTravellerCount -->
        <test-method signature="testSameFromAndTo()[pri:2, instance:testCases.EaseMyTrip@292b08d6]" started-at="2026-02-04T10:40:46 IST" name="testSameFromAndTo" finished-at="2026-02-04T10:40:56 IST" duration-ms="9708" status="PASS">
          <reporter-output>
          </reporter-output>
        </test-method> <!-- testSameFromAndTo -->
        <test-method signature="testSwitchCity()[pri:3, instance:testCases.EaseMyTrip@292b08d6]" started-at="2026-02-04T10:40:56 IST" name="testSwitchCity" finished-at="2026-02-04T10:40:59 IST" duration-ms="3304" status="PASS">
          <reporter-output>
          </reporter-output>
        </test-method> <!-- testSwitchCity -->
        <test-method signature="testValidDetails()[pri:4, instance:testCases.EaseMyTrip@292b08d6]" started-at="2026-02-04T10:40:59 IST" name="testValidDetails" finished-at="2026-02-04T10:41:04 IST" duration-ms="4567" status="PASS">
          <reporter-output>
          </reporter-output>
        </test-method> <!-- testValidDetails -->
        <test-method signature="testRoundTripFunctionality()[pri:5, instance:testCases.EaseMyTrip@292b08d6]" started-at="2026-02-04T10:41:04 IST" name="testRoundTripFunctionality" finished-at="2026-02-04T10:41:16 IST" duration-ms="12314" status="PASS">
          <reporter-output>
          </reporter-output>
        </test-method> <!-- testRoundTripFunctionality -->
        <test-method is-config="true" signature="tearDown()[pri:0, instance:testCases.EaseMyTrip@292b08d6]" started-at="2026-02-04T10:41:16 IST" name="tearDown" finished-at="2026-02-04T10:41:24 IST" duration-ms="7452" status="PASS">
          <reporter-output>
          </reporter-output>
        </test-method> <!-- tearDown -->
      </class> <!-- testCases.EaseMyTrip -->
      <class name="testCases.LoginCase">
        <test-method is-config="true" signature="setUp()[pri:0, instance:testCases.LoginCase@36fc695d]" started-at="2026-02-04T10:40:12 IST" name="setUp" finished-at="2026-02-04T10:40:21 IST" duration-ms="9185" status="PASS">
          <reporter-output>
          </reporter-output>
        </test-method> <!-- setUp -->
        <test-method signature="invalidMailCase()[pri:1, instance:testCases.LoginCase@36fc695d]" started-at="2026-02-04T10:40:21 IST" name="invalidMailCase" finished-at="2026-02-04T10:40:22 IST" duration-ms="1307" status="PASS">
          <reporter-output>
          </reporter-output>
        </test-method> <!-- invalidMailCase -->
        <test-method signature="invalidPasswordCase()[pri:2, instance:testCases.LoginCase@36fc695d]" started-at="2026-02-04T10:40:22 IST" name="invalidPasswordCase" finished-at="2026-02-04T10:40:28 IST" duration-ms="5420" status="PASS">
          <reporter-output>
          </reporter-output>
        </test-method> <!-- invalidPasswordCase -->
        <test-method signature="validLoginTestCase()[pri:3, instance:testCases.LoginCase@36fc695d]" started-at="2026-02-04T10:40:28 IST" name="validLoginTestCase" finished-at="2026-02-04T10:40:30 IST" duration-ms="2207" status="PASS">
          <reporter-output>
          </reporter-output>
        </test-method> <!-- validLoginTestCase -->
        <test-method is-config="true" signature="tearDown()[pri:0, instance:testCases.LoginCase@36fc695d]" started-at="2026-02-04T10:40:30 IST" name="tearDown" finished-at="2026-02-04T10:40:36 IST" duration-ms="5881" status="PASS">
          <reporter-output>
          </reporter-output>
        </test-method> <!-- tearDown -->
      </class> <!-- testCases.LoginCase -->
    </test> <!-- C:/Users/2457422/IdeaProjects/EaseMyTrip_Hackathon -->
  </suite> <!-- All Test Suite -->
</testng-results>
