<?xml version="1.0" encoding="UTF-8"?>
<testng-results ignored="0" total="21" passed="21" failed="0" skipped="0">
  <reporter-output>
  </reporter-output>
  <suite started-at="2026-02-04T15:27:28 IST" name="All Test Suite" finished-at="2026-02-04T15:31:45 IST" duration-ms="256903">
    <groups>
    </groups>
    <test started-at="2026-02-04T15:27:28 IST" name="Run testNG" finished-at="2026-02-04T15:31:45 IST" duration-ms="256903">
      <class name="testCases.GiftCardTest">
        <test-method is-config="true" signature="setUp()[pri:0, instance:testCases.GiftCardTest@1ce24091]" started-at="2026-02-04T15:29:42 IST" name="setUp" finished-at="2026-02-04T15:29:51 IST" duration-ms="8783" status="PASS">
          <reporter-output>
          </reporter-output>
        </test-method> <!-- setUp -->
        <test-method signature="testGiftCardPurchaseFlow()[pri:1, instance:testCases.GiftCardTest@1ce24091]" started-at="2026-02-04T15:29:51 IST" name="testGiftCardPurchaseFlow" finished-at="2026-02-04T15:30:04 IST" duration-ms="13379" status="PASS">
          <reporter-output>
          </reporter-output>
        </test-method> <!-- testGiftCardPurchaseFlow -->
        <test-method signature="testInvalidAmount()[pri:2, instance:testCases.GiftCardTest@1ce24091]" started-at="2026-02-04T15:30:04 IST" name="testInvalidAmount" finished-at="2026-02-04T15:30:10 IST" duration-ms="5798" status="PASS">
          <reporter-output>
          </reporter-output>
        </test-method> <!-- testInvalidAmount -->
        <test-method signature="testLaterButton()[pri:3, instance:testCases.GiftCardTest@1ce24091]" started-at="2026-02-04T15:30:10 IST" name="testLaterButton" finished-at="2026-02-04T15:30:17 IST" duration-ms="7007" status="PASS">
          <reporter-output>
          </reporter-output>
        </test-method> <!-- testLaterButton -->
        <test-method signature="testUnselectedLaterButton()[pri:4, instance:testCases.GiftCardTest@1ce24091]" started-at="2026-02-04T15:30:17 IST" name="testUnselectedLaterButton" finished-at="2026-02-04T15:30:24 IST" duration-ms="6489" status="PASS">
          <reporter-output>
          </reporter-output>
        </test-method> <!-- testUnselectedLaterButton -->
        <test-method is-config="true" signature="tearDown()[pri:0, instance:testCases.GiftCardTest@1ce24091]" started-at="2026-02-04T15:30:24 IST" name="tearDown" finished-at="2026-02-04T15:30:32 IST" duration-ms="8378" status="PASS">
          <reporter-output>
          </reporter-output>
        </test-method> <!-- tearDown -->
      </class> <!-- testCases.GiftCardTest -->
      <class name="testCases.HotelsPageTest">
        <test-method is-config="true" signature="setUp()[pri:0, instance:testCases.HotelsPageTest@1ff4931d]" started-at="2026-02-04T15:30:32 IST" name="setUp" finished-at="2026-02-04T15:30:41 IST" duration-ms="8966" status="PASS">
          <reporter-output>
          </reporter-output>
        </test-method> <!-- setUp -->
        <test-method signature="verifyMaxAdultCountFlow()[pri:1, instance:testCases.HotelsPageTest@1ff4931d]" started-at="2026-02-04T15:30:41 IST" name="verifyMaxAdultCountFlow" finished-at="2026-02-04T15:30:56 IST" duration-ms="14857" status="PASS">
          <reporter-output>
          </reporter-output>
        </test-method> <!-- verifyMaxAdultCountFlow -->
        <test-method signature="verifyHotelsNavigation()[pri:2, instance:testCases.HotelsPageTest@1ff4931d]" started-at="2026-02-04T15:30:56 IST" name="verifyHotelsNavigation" finished-at="2026-02-04T15:30:58 IST" duration-ms="1699" status="PASS">
          <reporter-output>
          </reporter-output>
        </test-method> <!-- verifyHotelsNavigation -->
        <test-method signature="verifyAdultCountNotZero()[pri:3, instance:testCases.HotelsPageTest@1ff4931d]" started-at="2026-02-04T15:30:58 IST" name="verifyAdultCountNotZero" finished-at="2026-02-04T15:31:05 IST" duration-ms="7669" status="PASS">
          <reporter-output>
          </reporter-output>
        </test-method> <!-- verifyAdultCountNotZero -->
        <test-method signature="verifyCheckInAndCheckOutAreNotSame()[pri:4, instance:testCases.HotelsPageTest@1ff4931d]" started-at="2026-02-04T15:31:05 IST" name="verifyCheckInAndCheckOutAreNotSame" finished-at="2026-02-04T15:31:10 IST" duration-ms="4371" status="PASS">
          <reporter-output>
          </reporter-output>
        </test-method> <!-- verifyCheckInAndCheckOutAreNotSame -->
        <test-method is-config="true" signature="tearDown()[pri:0, instance:testCases.HotelsPageTest@1ff4931d]" started-at="2026-02-04T15:31:10 IST" name="tearDown" finished-at="2026-02-04T15:31:17 IST" duration-ms="7461" status="PASS">
          <reporter-output>
          </reporter-output>
        </test-method> <!-- tearDown -->
      </class> <!-- testCases.HotelsPageTest -->
      <class name="testCases.LoginTest">
        <test-method is-config="true" signature="setUp()[pri:0, instance:testCases.LoginTest@31190526]" started-at="2026-02-04T15:27:29 IST" name="setUp" finished-at="2026-02-04T15:27:40 IST" duration-ms="11346" status="PASS">
          <reporter-output>
          </reporter-output>
        </test-method> <!-- setUp -->
        <test-method signature="invalidMailCase()[pri:1, instance:testCases.LoginTest@31190526]" started-at="2026-02-04T15:27:40 IST" name="invalidMailCase" finished-at="2026-02-04T15:27:43 IST" duration-ms="2708" status="PASS">
          <reporter-output>
          </reporter-output>
        </test-method> <!-- invalidMailCase -->
        <test-method signature="invalidPasswordCase()[pri:2, instance:testCases.LoginTest@31190526]" started-at="2026-02-04T15:27:43 IST" name="invalidPasswordCase" finished-at="2026-02-04T15:27:47 IST" duration-ms="4853" status="PASS">
          <reporter-output>
          </reporter-output>
        </test-method> <!-- invalidPasswordCase -->
        <test-method signature="validLoginTestCase()[pri:3, instance:testCases.LoginTest@31190526]" started-at="2026-02-04T15:27:48 IST" name="validLoginTestCase" finished-at="2026-02-04T15:27:50 IST" duration-ms="2216" status="PASS">
          <reporter-output>
          </reporter-output>
        </test-method> <!-- validLoginTestCase -->
        <test-method is-config="true" signature="tearDown()[pri:0, instance:testCases.LoginTest@31190526]" started-at="2026-02-04T15:27:50 IST" name="tearDown" finished-at="2026-02-04T15:27:56 IST" duration-ms="6362" status="PASS">
          <reporter-output>
          </reporter-output>
        </test-method> <!-- tearDown -->
      </class> <!-- testCases.LoginTest -->
      <class name="testCases.MyBookingTest">
        <test-method is-config="true" signature="setUp()[pri:0, instance:testCases.MyBookingTest@d35dea7]" started-at="2026-02-04T15:31:17 IST" name="setUp" finished-at="2026-02-04T15:31:27 IST" duration-ms="9954" status="PASS">
          <reporter-output>
          </reporter-output>
        </test-method> <!-- setUp -->
        <test-method signature="verifyInvalidBookingDetails()[pri:0, instance:testCases.MyBookingTest@d35dea7]" started-at="2026-02-04T15:31:27 IST" name="verifyInvalidBookingDetails" finished-at="2026-02-04T15:31:37 IST" duration-ms="10186" status="PASS">
          <reporter-output>
          </reporter-output>
        </test-method> <!-- verifyInvalidBookingDetails -->
        <test-method is-config="true" signature="tearDown()[pri:0, instance:testCases.MyBookingTest@d35dea7]" started-at="2026-02-04T15:31:37 IST" name="tearDown" finished-at="2026-02-04T15:31:45 IST" duration-ms="7872" status="PASS">
          <reporter-output>
          </reporter-output>
        </test-method> <!-- tearDown -->
      </class> <!-- testCases.MyBookingTest -->
      <class name="testCases.FlightsTest">
        <test-method is-config="true" signature="setUp()[pri:0, instance:testCases.FlightsTest@4b2bac3f]" started-at="2026-02-04T15:28:39 IST" name="setUp" finished-at="2026-02-04T15:28:48 IST" duration-ms="8732" status="PASS">
          <reporter-output>
          </reporter-output>
        </test-method> <!-- setUp -->
        <test-method signature="flightCaseTest()[pri:1, instance:testCases.FlightsTest@4b2bac3f]" started-at="2026-02-04T15:28:48 IST" name="flightCaseTest" finished-at="2026-02-04T15:29:08 IST" duration-ms="20712" status="PASS">
          <reporter-output>
          </reporter-output>
        </test-method> <!-- flightCaseTest -->
        <test-method signature="selectEmptyCoupon()[pri:2, instance:testCases.FlightsTest@4b2bac3f]" started-at="2026-02-04T15:29:08 IST" name="selectEmptyCoupon" finished-at="2026-02-04T15:29:10 IST" duration-ms="1834" status="PASS">
          <reporter-output>
          </reporter-output>
        </test-method> <!-- selectEmptyCoupon -->
        <test-method signature="selectFlightDetailsCase()[pri:3, instance:testCases.FlightsTest@4b2bac3f]" started-at="2026-02-04T15:29:10 IST" name="selectFlightDetailsCase" finished-at="2026-02-04T15:29:27 IST" duration-ms="16750" status="PASS">
          <reporter-output>
          </reporter-output>
        </test-method> <!-- selectFlightDetailsCase -->
        <test-method signature="payCases()[pri:4, instance:testCases.FlightsTest@4b2bac3f]" started-at="2026-02-04T15:29:27 IST" name="payCases" finished-at="2026-02-04T15:29:34 IST" duration-ms="7115" status="PASS">
          <reporter-output>
          </reporter-output>
        </test-method> <!-- payCases -->
        <test-method is-config="true" signature="tearDown()[pri:0, instance:testCases.FlightsTest@4b2bac3f]" started-at="2026-02-04T15:29:34 IST" name="tearDown" finished-at="2026-02-04T15:29:42 IST" duration-ms="8030" status="PASS">
          <reporter-output>
          </reporter-output>
        </test-method> <!-- tearDown -->
      </class> <!-- testCases.FlightsTest -->
      <class name="testCases.HomePageTest">
        <test-method is-config="true" signature="setUp()[pri:0, instance:testCases.HomePageTest@4116aac9]" started-at="2026-02-04T15:27:56 IST" name="setUp" finished-at="2026-02-04T15:28:05 IST" duration-ms="8423" status="PASS">
          <reporter-output>
          </reporter-output>
        </test-method> <!-- setUp -->
        <test-method signature="validateDefaultTravellerCount()[pri:1, instance:testCases.HomePageTest@4116aac9]" started-at="2026-02-04T15:28:05 IST" name="validateDefaultTravellerCount" finished-at="2026-02-04T15:28:05 IST" duration-ms="153" status="PASS">
          <reporter-output>
          </reporter-output>
        </test-method> <!-- validateDefaultTravellerCount -->
        <test-method signature="testSameFromAndTo()[pri:2, instance:testCases.HomePageTest@4116aac9]" started-at="2026-02-04T15:28:05 IST" name="testSameFromAndTo" finished-at="2026-02-04T15:28:14 IST" duration-ms="9452" status="PASS">
          <reporter-output>
          </reporter-output>
        </test-method> <!-- testSameFromAndTo -->
        <test-method signature="testSwitchCity()[pri:3, instance:testCases.HomePageTest@4116aac9]" started-at="2026-02-04T15:28:14 IST" name="testSwitchCity" finished-at="2026-02-04T15:28:17 IST" duration-ms="3338" status="PASS">
          <reporter-output>
          </reporter-output>
        </test-method> <!-- testSwitchCity -->
        <test-method signature="testValidDetails()[pri:4, instance:testCases.HomePageTest@4116aac9]" started-at="2026-02-04T15:28:17 IST" name="testValidDetails" finished-at="2026-02-04T15:28:24 IST" duration-ms="6766" status="PASS">
          <reporter-output>
          </reporter-output>
        </test-method> <!-- testValidDetails -->
        <test-method signature="testRoundTripFunctionality()[pri:5, instance:testCases.HomePageTest@4116aac9]" started-at="2026-02-04T15:28:24 IST" name="testRoundTripFunctionality" finished-at="2026-02-04T15:28:32 IST" duration-ms="7286" status="PASS">
          <reporter-output>
          </reporter-output>
        </test-method> <!-- testRoundTripFunctionality -->
        <test-method is-config="true" signature="tearDown()[pri:0, instance:testCases.HomePageTest@4116aac9]" started-at="2026-02-04T15:28:32 IST" name="tearDown" finished-at="2026-02-04T15:28:39 IST" duration-ms="7442" status="PASS">
          <reporter-output>
          </reporter-output>
        </test-method> <!-- tearDown -->
      </class> <!-- testCases.HomePageTest -->
    </test> <!-- Run testNG -->
  </suite> <!-- All Test Suite -->
</testng-results>
