<?xml version="1.0" encoding="UTF-8"?>
<testng-results ignored="0" total="21" passed="21" failed="0" skipped="0">
  <reporter-output>
  </reporter-output>
  <suite started-at="2026-02-04T12:32:24 IST" name="All Test Suite" finished-at="2026-02-04T12:36:45 IST" duration-ms="261976">
    <groups>
    </groups>
    <test started-at="2026-02-04T12:32:24 IST" name="Run testNG" finished-at="2026-02-04T12:36:45 IST" duration-ms="261976">
      <class name="testCases.GiftCardTest">
        <test-method is-config="true" signature="setUp()[pri:0, instance:testCases.GiftCardTest@3fc2959f]" started-at="2026-02-04T12:34:46 IST" name="setUp" finished-at="2026-02-04T12:34:55 IST" duration-ms="9259" status="PASS">
          <reporter-output>
          </reporter-output>
        </test-method> <!-- setUp -->
        <test-method signature="testGiftCardPurchaseFlow()[pri:1, instance:testCases.GiftCardTest@3fc2959f]" started-at="2026-02-04T12:34:55 IST" name="testGiftCardPurchaseFlow" finished-at="2026-02-04T12:35:08 IST" duration-ms="12761" status="PASS">
          <reporter-output>
          </reporter-output>
        </test-method> <!-- testGiftCardPurchaseFlow -->
        <test-method signature="testInvalidAmount()[pri:2, instance:testCases.GiftCardTest@3fc2959f]" started-at="2026-02-04T12:35:08 IST" name="testInvalidAmount" finished-at="2026-02-04T12:35:14 IST" duration-ms="6139" status="PASS">
          <reporter-output>
          </reporter-output>
        </test-method> <!-- testInvalidAmount -->
        <test-method signature="testLaterButton()[pri:3, instance:testCases.GiftCardTest@3fc2959f]" started-at="2026-02-04T12:35:14 IST" name="testLaterButton" finished-at="2026-02-04T12:35:21 IST" duration-ms="6631" status="PASS">
          <reporter-output>
          </reporter-output>
        </test-method> <!-- testLaterButton -->
        <test-method signature="testUnselectedLaterButton()[pri:4, instance:testCases.GiftCardTest@3fc2959f]" started-at="2026-02-04T12:35:21 IST" name="testUnselectedLaterButton" finished-at="2026-02-04T12:35:27 IST" duration-ms="6122" status="PASS">
          <reporter-output>
          </reporter-output>
        </test-method> <!-- testUnselectedLaterButton -->
        <test-method is-config="true" signature="tearDown()[pri:0, instance:testCases.GiftCardTest@3fc2959f]" started-at="2026-02-04T12:35:27 IST" name="tearDown" finished-at="2026-02-04T12:35:36 IST" duration-ms="9012" status="PASS">
          <reporter-output>
          </reporter-output>
        </test-method> <!-- tearDown -->
      </class> <!-- testCases.GiftCardTest -->
      <class name="testCases.HotelsPageTest">
        <test-method is-config="true" signature="setUp()[pri:0, instance:testCases.HotelsPageTest@77c2494c]" started-at="2026-02-04T12:35:36 IST" name="setUp" finished-at="2026-02-04T12:35:45 IST" duration-ms="9079" status="PASS">
          <reporter-output>
          </reporter-output>
        </test-method> <!-- setUp -->
        <test-method signature="verifyMaxAdultCountFlow()[pri:1, instance:testCases.HotelsPageTest@77c2494c]" started-at="2026-02-04T12:35:45 IST" name="verifyMaxAdultCountFlow" finished-at="2026-02-04T12:35:53 IST" duration-ms="8123" status="PASS">
          <reporter-output>
          </reporter-output>
        </test-method> <!-- verifyMaxAdultCountFlow -->
        <test-method signature="verifyHotelsNavigation()[pri:2, instance:testCases.HotelsPageTest@77c2494c]" started-at="2026-02-04T12:35:53 IST" name="verifyHotelsNavigation" finished-at="2026-02-04T12:35:57 IST" duration-ms="4261" status="PASS">
          <reporter-output>
          </reporter-output>
        </test-method> <!-- verifyHotelsNavigation -->
        <test-method signature="verifyAdultCountNotZero()[pri:3, instance:testCases.HotelsPageTest@77c2494c]" started-at="2026-02-04T12:35:57 IST" name="verifyAdultCountNotZero" finished-at="2026-02-04T12:36:06 IST" duration-ms="8730" status="PASS">
          <reporter-output>
          </reporter-output>
        </test-method> <!-- verifyAdultCountNotZero -->
        <test-method signature="verifyCheckInAndCheckOutAreNotSame()[pri:4, instance:testCases.HotelsPageTest@77c2494c]" started-at="2026-02-04T12:36:06 IST" name="verifyCheckInAndCheckOutAreNotSame" finished-at="2026-02-04T12:36:11 IST" duration-ms="4726" status="PASS">
          <reporter-output>
          </reporter-output>
        </test-method> <!-- verifyCheckInAndCheckOutAreNotSame -->
        <test-method is-config="true" signature="tearDown()[pri:0, instance:testCases.HotelsPageTest@77c2494c]" started-at="2026-02-04T12:36:11 IST" name="tearDown" finished-at="2026-02-04T12:36:20 IST" duration-ms="9051" status="PASS">
          <reporter-output>
          </reporter-output>
        </test-method> <!-- tearDown -->
      </class> <!-- testCases.HotelsPageTest -->
      <class name="testCases.LoginTest">
        <test-method is-config="true" signature="setUp()[pri:0, instance:testCases.LoginTest@4afcd809]" started-at="2026-02-04T12:32:24 IST" name="setUp" finished-at="2026-02-04T12:32:29 IST" duration-ms="5258" status="PASS">
          <reporter-output>
          </reporter-output>
        </test-method> <!-- setUp -->
        <test-method signature="invalidMailCase()[pri:1, instance:testCases.LoginTest@4afcd809]" started-at="2026-02-04T12:32:29 IST" name="invalidMailCase" finished-at="2026-02-04T12:32:39 IST" duration-ms="9932" status="PASS">
          <reporter-output>
          </reporter-output>
        </test-method> <!-- invalidMailCase -->
        <test-method signature="invalidPasswordCase()[pri:2, instance:testCases.LoginTest@4afcd809]" started-at="2026-02-04T12:32:39 IST" name="invalidPasswordCase" finished-at="2026-02-04T12:32:44 IST" duration-ms="5159" status="PASS">
          <reporter-output>
          </reporter-output>
        </test-method> <!-- invalidPasswordCase -->
        <test-method signature="validLoginTestCase()[pri:3, instance:testCases.LoginTest@4afcd809]" started-at="2026-02-04T12:32:44 IST" name="validLoginTestCase" finished-at="2026-02-04T12:32:46 IST" duration-ms="1999" status="PASS">
          <reporter-output>
          </reporter-output>
        </test-method> <!-- validLoginTestCase -->
        <test-method is-config="true" signature="tearDown()[pri:0, instance:testCases.LoginTest@4afcd809]" started-at="2026-02-04T12:32:46 IST" name="tearDown" finished-at="2026-02-04T12:32:51 IST" duration-ms="4579" status="PASS">
          <reporter-output>
          </reporter-output>
        </test-method> <!-- tearDown -->
      </class> <!-- testCases.LoginTest -->
      <class name="testCases.MyBookingTest">
        <test-method is-config="true" signature="setUp()[pri:0, instance:testCases.MyBookingTest@4116aac9]" started-at="2026-02-04T12:36:20 IST" name="setUp" finished-at="2026-02-04T12:36:29 IST" duration-ms="8754" status="PASS">
          <reporter-output>
          </reporter-output>
        </test-method> <!-- setUp -->
        <test-method signature="verifyInvalidBookingDetails()[pri:0, instance:testCases.MyBookingTest@4116aac9]" started-at="2026-02-04T12:36:29 IST" name="verifyInvalidBookingDetails" finished-at="2026-02-04T12:36:38 IST" duration-ms="9457" status="PASS">
          <reporter-output>
          </reporter-output>
        </test-method> <!-- verifyInvalidBookingDetails -->
        <test-method is-config="true" signature="tearDown()[pri:0, instance:testCases.MyBookingTest@4116aac9]" started-at="2026-02-04T12:36:38 IST" name="tearDown" finished-at="2026-02-04T12:36:45 IST" duration-ms="7337" status="PASS">
          <reporter-output>
          </reporter-output>
        </test-method> <!-- tearDown -->
      </class> <!-- testCases.MyBookingTest -->
      <class name="testCases.HomePageTest">
        <test-method is-config="true" signature="setUp()[pri:0, instance:testCases.HomePageTest@3c41ed1d]" started-at="2026-02-04T12:32:51 IST" name="setUp" finished-at="2026-02-04T12:33:00 IST" duration-ms="9427" status="PASS">
          <reporter-output>
          </reporter-output>
        </test-method> <!-- setUp -->
        <test-method signature="validateDefaultTravellerCount()[pri:1, instance:testCases.HomePageTest@3c41ed1d]" started-at="2026-02-04T12:33:00 IST" name="validateDefaultTravellerCount" finished-at="2026-02-04T12:33:02 IST" duration-ms="1500" status="PASS">
          <reporter-output>
          </reporter-output>
        </test-method> <!-- validateDefaultTravellerCount -->
        <test-method signature="testSameFromAndTo()[pri:2, instance:testCases.HomePageTest@3c41ed1d]" started-at="2026-02-04T12:33:02 IST" name="testSameFromAndTo" finished-at="2026-02-04T12:33:11 IST" duration-ms="8841" status="PASS">
          <reporter-output>
          </reporter-output>
        </test-method> <!-- testSameFromAndTo -->
        <test-method signature="testSwitchCity()[pri:3, instance:testCases.HomePageTest@3c41ed1d]" started-at="2026-02-04T12:33:11 IST" name="testSwitchCity" finished-at="2026-02-04T12:33:14 IST" duration-ms="2953" status="PASS">
          <reporter-output>
          </reporter-output>
        </test-method> <!-- testSwitchCity -->
        <test-method signature="testValidDetails()[pri:4, instance:testCases.HomePageTest@3c41ed1d]" started-at="2026-02-04T12:33:14 IST" name="testValidDetails" finished-at="2026-02-04T12:33:22 IST" duration-ms="7949" status="PASS">
          <reporter-output>
          </reporter-output>
        </test-method> <!-- testValidDetails -->
        <test-method signature="testRoundTripFunctionality()[pri:5, instance:testCases.HomePageTest@3c41ed1d]" started-at="2026-02-04T12:33:22 IST" name="testRoundTripFunctionality" finished-at="2026-02-04T12:33:33 IST" duration-ms="10878" status="PASS">
          <reporter-output>
          </reporter-output>
        </test-method> <!-- testRoundTripFunctionality -->
        <test-method is-config="true" signature="tearDown()[pri:0, instance:testCases.HomePageTest@3c41ed1d]" started-at="2026-02-04T12:33:33 IST" name="tearDown" finished-at="2026-02-04T12:33:41 IST" duration-ms="8344" status="PASS">
          <reporter-output>
          </reporter-output>
        </test-method> <!-- tearDown -->
      </class> <!-- testCases.HomePageTest -->
      <class name="testCases.FlightsTest">
        <test-method is-config="true" signature="setUp()[pri:0, instance:testCases.FlightsTest@4c12331b]" started-at="2026-02-04T12:33:41 IST" name="setUp" finished-at="2026-02-04T12:33:50 IST" duration-ms="9046" status="PASS">
          <reporter-output>
          </reporter-output>
        </test-method> <!-- setUp -->
        <test-method signature="flightCaseTest()[pri:1, instance:testCases.FlightsTest@4c12331b]" started-at="2026-02-04T12:33:50 IST" name="flightCaseTest" finished-at="2026-02-04T12:34:12 IST" duration-ms="22143" status="PASS">
          <reporter-output>
          </reporter-output>
        </test-method> <!-- flightCaseTest -->
        <test-method signature="selectEmptyCoupon()[pri:2, instance:testCases.FlightsTest@4c12331b]" started-at="2026-02-04T12:34:12 IST" name="selectEmptyCoupon" finished-at="2026-02-04T12:34:15 IST" duration-ms="2387" status="PASS">
          <reporter-output>
          </reporter-output>
        </test-method> <!-- selectEmptyCoupon -->
        <test-method signature="selectFlightDetailsCase()[pri:3, instance:testCases.FlightsTest@4c12331b]" started-at="2026-02-04T12:34:15 IST" name="selectFlightDetailsCase" finished-at="2026-02-04T12:34:32 IST" duration-ms="17447" status="PASS">
          <reporter-output>
          </reporter-output>
        </test-method> <!-- selectFlightDetailsCase -->
        <test-method signature="payCases()[pri:4, instance:testCases.FlightsTest@4c12331b]" started-at="2026-02-04T12:34:32 IST" name="payCases" finished-at="2026-02-04T12:34:38 IST" duration-ms="6126" status="PASS">
          <reporter-output>
          </reporter-output>
        </test-method> <!-- payCases -->
        <test-method is-config="true" signature="tearDown()[pri:0, instance:testCases.FlightsTest@4c12331b]" started-at="2026-02-04T12:34:38 IST" name="tearDown" finished-at="2026-02-04T12:34:46 IST" duration-ms="7893" status="PASS">
          <reporter-output>
          </reporter-output>
        </test-method> <!-- tearDown -->
      </class> <!-- testCases.FlightsTest -->
    </test> <!-- Run testNG -->
  </suite> <!-- All Test Suite -->
</testng-results>
