<?xml version="1.0" encoding="UTF-8"?>
<!-- Generated by org.testng.reporters.JUnitReportReporter -->
<testsuite hostname="LTIN675316" failures="0" tests="3" name="testCases.LoginCase" time="8.934" errors="0" timestamp="2026-02-04T10:44:03 IST" skipped="0">
  <testcase classname="testCases.LoginCase" name="invalidMailCase" time="1.307"/>
  <testcase classname="testCases.LoginCase" name="invalidPasswordCase" time="5.420"/>
  <testcase classname="testCases.LoginCase" name="validLoginTestCase" time="2.207"/>
</testsuite> <!-- testCases.LoginCase -->
