<?xml version="1.0" encoding="UTF-8"?>
<!-- Generated by org.testng.reporters.JUnitReportReporter -->
<testsuite hostname="LTIN674633" failures="0" tests="3" name="testCases.LoginTest" time="17.090" errors="0" timestamp="2026-02-04T12:36:46 IST" skipped="0">
  <testcase classname="testCases.LoginTest" name="invalidMailCase" time="9.932"/>
  <testcase classname="testCases.LoginTest" name="invalidPasswordCase" time="5.159"/>
  <testcase classname="testCases.LoginTest" name="validLoginTestCase" time="1.999"/>
</testsuite> <!-- testCases.LoginTest -->
