<?xml version="1.0" encoding="UTF-8"?>
<!-- Generated by org.testng.reporters.JUnitReportReporter -->
<testsuite hostname="LTIN675316" failures="0" tests="4" name="testCases.FlightCases" time="49.017" errors="0" timestamp="2026-02-04T10:44:03 IST" skipped="0">
  <testcase classname="testCases.FlightCases" name="flightCaseTest" time="22.210"/>
  <testcase classname="testCases.FlightCases" name="selectEmptyCoupon" time="2.087"/>
  <testcase classname="testCases.FlightCases" name="selectFlightDetailsCase" time="17.063"/>
  <testcase classname="testCases.FlightCases" name="payCases" time="7.657"/>
</testsuite> <!-- testCases.FlightCases -->
