<?xml version="1.0" encoding="UTF-8"?>
<!-- Generated by org.testng.reporters.JUnitReportReporter -->
<testsuite hostname="LTIN674633" failures="0" tests="4" name="testCases.FlightsTest" time="48.103" errors="0" timestamp="2026-02-04T12:36:46 IST" skipped="0">
  <testcase classname="testCases.FlightsTest" name="flightCaseTest" time="22.143"/>
  <testcase classname="testCases.FlightsTest" name="selectEmptyCoupon" time="2.387"/>
  <testcase classname="testCases.FlightsTest" name="selectFlightDetailsCase" time="17.447"/>
  <testcase classname="testCases.FlightsTest" name="payCases" time="6.126"/>
</testsuite> <!-- testCases.FlightsTest -->
