<?xml version="1.0" encoding="UTF-8"?>
<!-- Generated by org.testng.reporters.JUnitReportReporter -->
<testsuite hostname="LTIN675316" failures="0" tests="5" name="testCases.HomePageTest" time="25.530" errors="0" timestamp="2026-02-09T12:36:07 IST" skipped="0">
  <testcase classname="testCases.HomePageTest" name="validateDefaultTravellerCount" time="0.081"/>
  <testcase classname="testCases.HomePageTest" name="testSameFromAndTo" time="13.399"/>
  <testcase classname="testCases.HomePageTest" name="testSwitchCity" time="2.405"/>
  <testcase classname="testCases.HomePageTest" name="testValidDetails" time="4.362"/>
  <testcase classname="testCases.HomePageTest" name="testRoundTripFunctionality" time="5.283"/>
</testsuite> <!-- testCases.HomePageTest -->
