<?xml version="1.0" encoding="UTF-8"?>
<!-- Generated by org.testng.reporters.JUnitReportReporter -->
<testsuite hostname="LTIN675316" failures="0" tests="5" name="testCases.HomePageTest" time="26.995" errors="0" timestamp="2026-02-04T15:31:46 IST" skipped="0">
  <testcase classname="testCases.HomePageTest" name="validateDefaultTravellerCount" time="0.153"/>
  <testcase classname="testCases.HomePageTest" name="testSameFromAndTo" time="9.452"/>
  <testcase classname="testCases.HomePageTest" name="testSwitchCity" time="3.338"/>
  <testcase classname="testCases.HomePageTest" name="testValidDetails" time="6.766"/>
  <testcase classname="testCases.HomePageTest" name="testRoundTripFunctionality" time="7.286"/>
</testsuite> <!-- testCases.HomePageTest -->
