<?xml version="1.0" encoding="UTF-8"?>
<!-- Generated by org.testng.reporters.JUnitReportReporter -->
<testsuite hostname="LTIN674633" failures="0" tests="4" name="testCases.HotelsPageTest" time="25.840" errors="0" timestamp="2026-02-04T12:36:46 IST" skipped="0">
  <testcase classname="testCases.HotelsPageTest" name="verifyMaxAdultCountFlow" time="8.123"/>
  <testcase classname="testCases.HotelsPageTest" name="verifyHotelsNavigation" time="4.261"/>
  <testcase classname="testCases.HotelsPageTest" name="verifyAdultCountNotZero" time="8.730"/>
  <testcase classname="testCases.HotelsPageTest" name="verifyCheckInAndCheckOutAreNotSame" time="4.726"/>
</testsuite> <!-- testCases.HotelsPageTest -->
