<?xml version="1.0" encoding="UTF-8"?>
<!-- Generated by org.testng.reporters.JUnitReportReporter -->
<testsuite hostname="LTIN675316" failures="0" tests="3" name="testCases.LoginTest" time="9.777" errors="0" timestamp="2026-02-04T15:31:46 IST" skipped="0">
  <testcase classname="testCases.LoginTest" name="invalidMailCase" time="2.708"/>
  <testcase classname="testCases.LoginTest" name="invalidPasswordCase" time="4.853"/>
  <testcase classname="testCases.LoginTest" name="validLoginTestCase" time="2.216"/>
</testsuite> <!-- testCases.LoginTest -->
