<?xml version="1.0" encoding="UTF-8"?>
<!-- Generated by org.testng.reporters.JUnitReportReporter -->
<testsuite hostname="LTIN674633" failures="0" tests="4" name="testCases.GiftCardTest" time="31.653" errors="0" timestamp="2026-02-04T12:36:46 IST" skipped="0">
  <testcase classname="testCases.GiftCardTest" name="testGiftCardPurchaseFlow" time="12.761"/>
  <testcase classname="testCases.GiftCardTest" name="testInvalidAmount" time="6.139"/>
  <testcase classname="testCases.GiftCardTest" name="testLaterButton" time="6.631"/>
  <testcase classname="testCases.GiftCardTest" name="testUnselectedLaterButton" time="6.122"/>
</testsuite> <!-- testCases.GiftCardTest -->
