<?xml version="1.0" encoding="UTF-8"?>
<!-- Generated by org.testng.reporters.JUnitReportReporter -->
<testsuite hostname="LTIN675316" failures="0" tests="4" name="testCases.HotelsPageTest" time="32.002" errors="0" timestamp="2026-02-07T22:51:00 IST" skipped="0">
  <testcase classname="testCases.HotelsPageTest" name="verifyMaxAdultCountFlow" time="9.999"/>
  <testcase classname="testCases.HotelsPageTest" name="verifyHotelsNavigation" time="4.501"/>
  <testcase classname="testCases.HotelsPageTest" name="verifyAdultCountNotZero" time="11.338"/>
  <testcase classname="testCases.HotelsPageTest" name="verifyCheckInAndCheckOutAreNotSame" time="6.164"/>
</testsuite> <!-- testCases.HotelsPageTest -->
