<?xml version="1.0" encoding="UTF-8"?>
<!-- Generated by org.testng.reporters.JUnitReportReporter -->
<testsuite hostname="LTIN675316" failures="0" tests="4" name="testCases.GiftCardTest" time="34.575" errors="0" timestamp="2026-02-04T10:44:03 IST" skipped="0">
  <testcase classname="testCases.GiftCardTest" name="testGiftCardPurchaseFlow" time="15.177"/>
  <testcase classname="testCases.GiftCardTest" name="testInvalidAmount" time="5.796"/>
  <testcase classname="testCases.GiftCardTest" name="testLaterButton" time="6.847"/>
  <testcase classname="testCases.GiftCardTest" name="testUnselectedLaterButton" time="6.755"/>
</testsuite> <!-- testCases.GiftCardTest -->
