<?xml version="1.0" encoding="UTF-8"?>
<!-- Generated by org.testng.reporters.JUnitReportReporter -->
<testsuite hostname="LTIN675316" failures="0" tests="5" name="testCases.EaseMyTrip" time="31.416" errors="0" timestamp="2026-02-04T10:44:03 IST" skipped="0">
  <testcase classname="testCases.EaseMyTrip" name="validateDefaultTravellerCount" time="1.523"/>
  <testcase classname="testCases.EaseMyTrip" name="testSameFromAndTo" time="9.708"/>
  <testcase classname="testCases.EaseMyTrip" name="testSwitchCity" time="3.304"/>
  <testcase classname="testCases.EaseMyTrip" name="testValidDetails" time="4.567"/>
  <testcase classname="testCases.EaseMyTrip" name="testRoundTripFunctionality" time="12.314"/>
</testsuite> <!-- testCases.EaseMyTrip -->
