<?xml version="1.0" encoding="UTF-8"?>
<!-- Generated by org.testng.reporters.JUnitReportReporter -->
<testsuite hostname="LTIN675316" failures="0" tests="4" name="testCases.GiftCardTest" time="32.673" errors="0" timestamp="2026-02-04T15:31:46 IST" skipped="0">
  <testcase classname="testCases.GiftCardTest" name="testGiftCardPurchaseFlow" time="13.379"/>
  <testcase classname="testCases.GiftCardTest" name="testInvalidAmount" time="5.798"/>
  <testcase classname="testCases.GiftCardTest" name="testLaterButton" time="7.007"/>
  <testcase classname="testCases.GiftCardTest" name="testUnselectedLaterButton" time="6.489"/>
</testsuite> <!-- testCases.GiftCardTest -->
