<?xml version="1.0" encoding="UTF-8"?>
<!-- Generated by org.testng.reporters.JUnitReportReporter -->
<testsuite hostname="LTIN675316" failures="0" tests="4" name="testCases.FlightsTest" time="64.095" errors="0" timestamp="2026-02-07T22:51:00 IST" skipped="0">
  <testcase classname="testCases.FlightsTest" name="flightCaseTest" time="30.301"/>
  <testcase classname="testCases.FlightsTest" name="selectEmptyCoupon" time="1.669"/>
  <testcase classname="testCases.FlightsTest" name="selectFlightDetailsCase" time="19.116"/>
  <testcase classname="testCases.FlightsTest" name="payCases" time="13.009"/>
</testsuite> <!-- testCases.FlightsTest -->
