<?xml version="1.0" encoding="UTF-8"?>
<!-- Generated by org.testng.reporters.JUnitReportReporter -->
<testsuite hostname="LTIN675316" failures="0" tests="5" name="testCases.HomePageTest" time="37.408" errors="0" timestamp="2026-02-07T22:19:58 IST" skipped="0">
  <testcase classname="testCases.HomePageTest" name="validateDefaultTravellerCount" time="0.223"/>
  <testcase classname="testCases.HomePageTest" name="testSameFromAndTo" time="12.285"/>
  <testcase classname="testCases.HomePageTest" name="testSwitchCity" time="3.868"/>
  <testcase classname="testCases.HomePageTest" name="testValidDetails" time="9.835"/>
  <testcase classname="testCases.HomePageTest" name="testRoundTripFunctionality" time="11.197"/>
</testsuite> <!-- testCases.HomePageTest -->
