<?xml version="1.0" encoding="UTF-8"?>
<!-- Generated by org.testng.reporters.JUnitReportReporter -->
<testsuite hostname="LTIN675316" failures="0" tests="3" name="testCases.LoginTest" time="8.098" errors="0" timestamp="2026-02-07T22:19:58 IST" skipped="0">
  <testcase classname="testCases.LoginTest" name="invalidMailCase" time="1.756"/>
  <testcase classname="testCases.LoginTest" name="invalidPasswordCase" time="4.223"/>
  <testcase classname="testCases.LoginTest" name="validLoginTestCase" time="2.119"/>
</testsuite> <!-- testCases.LoginTest -->
