<?xml version="1.0" encoding="UTF-8"?>
<!-- Generated by org.testng.reporters.JUnitReportReporter -->
<testsuite hostname="LTIN675316" failures="0" tests="4" name="testCases.FlightsTest" time="48.331" errors="0" timestamp="2026-02-07T22:19:58 IST" skipped="0">
  <testcase classname="testCases.FlightsTest" name="flightCaseTest" time="22.074"/>
  <testcase classname="testCases.FlightsTest" name="selectEmptyCoupon" time="1.513"/>
  <testcase classname="testCases.FlightsTest" name="selectFlightDetailsCase" time="16.452"/>
  <testcase classname="testCases.FlightsTest" name="payCases" time="8.292"/>
</testsuite> <!-- testCases.FlightsTest -->
